#
# There is insufficient memory for the Java Runtime Environment to continue.
# Native memory allocation (malloc) failed to allocate 632656 bytes for Chunk::new
# Possible reasons:
#   The system is out of physical RAM or swap space
#   The process is running with CompressedOops enabled, and the Java Heap may be blocking the growth of the native heap
# Possible solutions:
#   Reduce memory load on the system
#   Increase physical memory or swap space
#   Check if swap backing store is full
#   Decrease Java heap size (-Xmx/-Xms)
#   Decrease number of Java threads
#   Decrease Java thread stack sizes (-Xss)
#   Set larger code cache with -XX:ReservedCodeCacheSize=
#   JVM is running with Unscaled Compressed Oops mode in which the Java heap is
#     placed in the first 4GB address space. The Java Heap base address is the
#     maximum limit for the native heap growth. Please use -XX:HeapBaseMinAddress
#     to set the Java Heap base and to place the Java Heap above 4GB virtual address.
# This output file may be truncated or incomplete.
#
#  Out of Memory Error (./src/hotspot/share/memory/arena.cpp:197), pid=8616, tid=7520
#
# JRE version: OpenJDK Runtime Environment (11.0.11+9) (build 11.0.11+9-b60-7590822)
# Java VM: OpenJDK 64-Bit Server VM (11.0.11+9-b60-7590822, mixed mode, tiered, compressed oops, g1 gc, windows-amd64)
# No core dump will be written. Minidumps are not enabled by default on client versions of Windows
#

---------------  S U M M A R Y ------------

Command Line: org.jetbrains.kotlin.cli.jvm.K2JVMCompiler @C:\Users\binda\Desktop\Mandir03\rammandir1\node_modules\react-native-screens\android\build\20220613_11664076836133605491.compiler.options

Host: Intel(R) Core(TM) i5-2520M CPU @ 2.50GHz, 4 cores, 3G,  Windows 10 , 64 bit Build 19041 (10.0.19041.1741)
Time: Mon Jun 13 15:39:19 2022 India Standard Time elapsed time: 94.425439 seconds (0d 0h 1m 34s)

---------------  T H R E A D  ---------------

Current thread (0x0000025d3c87d800):  JavaThread "C2 CompilerThread0" daemon [_thread_in_native, id=7520, stack(0x000000ea7ff00000,0x000000ea80000000)]


Current CompileTask:
C2:  94425 13562       4       org.jetbrains.kotlin.com.intellij.util.containers.MultiMap::putValue (44 bytes)

Stack: [0x000000ea7ff00000,0x000000ea80000000]
Native frames: (J=compiled Java code, j=interpreted, Vv=VM code, C=native code)
V  [jvm.dll+0x5f214a]
V  [jvm.dll+0x726fb5]
V  [jvm.dll+0x7285cd]
V  [jvm.dll+0x728c83]
V  [jvm.dll+0x243278]
V  [jvm.dll+0xbc53c]
V  [jvm.dll+0xbca3c]
V  [jvm.dll+0x353e7d]
V  [jvm.dll+0x321893]
V  [jvm.dll+0x320d8a]
V  [jvm.dll+0x1fc1e2]
V  [jvm.dll+0x1fb3d4]
V  [jvm.dll+0x183d6c]
V  [jvm.dll+0x209a57]
V  [jvm.dll+0x2082a1]
V  [jvm.dll+0x6ef58f]
V  [jvm.dll+0x6e80b5]
V  [jvm.dll+0x5f1036]
C  [ucrtbase.dll+0x21bb2]
C  [KERNEL32.DLL+0x17034]
C  [ntdll.dll+0x52651]


---------------  P R O C E S S  ---------------

Threads class SMR info:
_java_thread_list=0x0000025d3cad3f40, length=10, elements={
0x0000025d2448a800, 0x0000025d3c815800, 0x0000025d3c816800, 0x0000025d3c831800,
0x0000025d3c833800, 0x0000025d3c837000, 0x0000025d3c87d800, 0x0000025d3c87e000,
0x0000025d3c8ac000, 0x0000025d3cae8800
}

Java Threads: ( => current thread )
  0x0000025d2448a800 JavaThread "main" [_thread_in_Java, id=12776, stack(0x000000ea7f300000,0x000000ea7f400000)]
  0x0000025d3c815800 JavaThread "Reference Handler" daemon [_thread_blocked, id=10996, stack(0x000000ea7fa00000,0x000000ea7fb00000)]
  0x0000025d3c816800 JavaThread "Finalizer" daemon [_thread_blocked, id=12068, stack(0x000000ea7fb00000,0x000000ea7fc00000)]
  0x0000025d3c831800 JavaThread "Signal Dispatcher" daemon [_thread_blocked, id=10588, stack(0x000000ea7fc00000,0x000000ea7fd00000)]
  0x0000025d3c833800 JavaThread "Attach Listener" daemon [_thread_blocked, id=6820, stack(0x000000ea7fd00000,0x000000ea7fe00000)]
  0x0000025d3c837000 JavaThread "Service Thread" daemon [_thread_blocked, id=8024, stack(0x000000ea7fe00000,0x000000ea7ff00000)]
=>0x0000025d3c87d800 JavaThread "C2 CompilerThread0" daemon [_thread_in_native, id=7520, stack(0x000000ea7ff00000,0x000000ea80000000)]
  0x0000025d3c87e000 JavaThread "C1 CompilerThread0" daemon [_thread_in_vm, id=2344, stack(0x000000ea00000000,0x000000ea00100000)]
  0x0000025d3c8ac000 JavaThread "Sweeper thread" daemon [_thread_in_vm, id=9544, stack(0x000000ea00100000,0x000000ea00200000)]
  0x0000025d3cae8800 JavaThread "Common-Cleaner" daemon [_thread_blocked, id=12796, stack(0x000000ea00300000,0x000000ea00400000)]

Other Threads:
  0x0000025d3c7ec800 VMThread "VM Thread" [stack: 0x000000ea7f900000,0x000000ea7fa00000] [id=8832]
  0x0000025d3cad8000 WatcherThread [stack: 0x000000ea00200000,0x000000ea00300000] [id=13632]
  0x0000025d244a3800 GCTaskThread "GC Thread#0" [stack: 0x000000ea7f400000,0x000000ea7f500000] [id=12700]
  0x0000025d3cf30000 GCTaskThread "GC Thread#1" [stack: 0x000000ea00400000,0x000000ea00500000] [id=13408]
  0x0000025d3f123000 GCTaskThread "GC Thread#2" [stack: 0x000000ea00600000,0x000000ea00700000] [id=10344]
  0x0000025d3fb97000 GCTaskThread "GC Thread#3" [stack: 0x000000ea00700000,0x000000ea00800000] [id=4932]
  0x0000025d244bc000 ConcurrentGCThread "G1 Main Marker" [stack: 0x000000ea7f500000,0x000000ea7f600000] [id=13772]
  0x0000025d244bd800 ConcurrentGCThread "G1 Conc#0" [stack: 0x000000ea7f600000,0x000000ea7f700000] [id=7120]
  0x0000025d24505000 ConcurrentGCThread "G1 Refine#0" [stack: 0x000000ea7f700000,0x000000ea7f800000] [id=12348]
  0x0000025d3e6db000 ConcurrentGCThread "G1 Refine#1" [stack: 0x000000ea00500000,0x000000ea00600000] [id=2520]
  0x0000025d24506000 ConcurrentGCThread "G1 Young RemSet Sampling" [stack: 0x000000ea7f800000,0x000000ea7f900000] [id=8360]

Threads with active compile tasks:
C2 CompilerThread0  94578 13562       4       org.jetbrains.kotlin.com.intellij.util.containers.MultiMap::putValue (44 bytes)
C1 CompilerThread0  94578 13649       3       org.jetbrains.kotlin.codegen.StackValue::coerce (417 bytes)

VM state:not at safepoint (normal execution)

VM Mutex/Monitor currently owned by a thread: None

Heap address: 0x00000000c2a00000, size: 982 MB, Compressed Oops mode: 32-bit
Narrow klass base: 0x0000000000000000, Narrow klass shift: 3
Compressed class space size: 1073741824 Address: 0x0000000100000000

Heap:
 garbage-first heap   total 202752K, used 96492K [0x00000000c2a00000, 0x0000000100000000)
  region size 1024K, 15 young (15360K), 2 survivors (2048K)
 Metaspace       used 73235K, capacity 74059K, committed 74268K, reserved 1116160K
  class space    used 8169K, capacity 8507K, committed 8572K, reserved 1048576K
Heap Regions: E=young(eden), S=young(survivor), O=old, HS=humongous(starts), HC=humongous(continues), CS=collection set, F=free, A=archive, TAMS=top-at-mark-start (previous, next)
|   0|0x00000000c2a00000, 0x00000000c2b00000, 0x00000000c2b00000|100%|HS|  |TAMS 0x00000000c2b00000, 0x00000000c2a00000| Complete 
|   1|0x00000000c2b00000, 0x00000000c2c00000, 0x00000000c2c00000|100%|HC|  |TAMS 0x00000000c2c00000, 0x00000000c2b00000| Complete 
|   2|0x00000000c2c00000, 0x00000000c2d00000, 0x00000000c2d00000|100%|HC|  |TAMS 0x00000000c2d00000, 0x00000000c2c00000| Complete 
|   3|0x00000000c2d00000, 0x00000000c2e00000, 0x00000000c2e00000|100%| O|  |TAMS 0x00000000c2e00000, 0x00000000c2d00000| Untracked 
|   4|0x00000000c2e00000, 0x00000000c2f00000, 0x00000000c2f00000|100%| O|  |TAMS 0x00000000c2f00000, 0x00000000c2e00000| Untracked 
|   5|0x00000000c2f00000, 0x00000000c3000000, 0x00000000c3000000|100%| O|  |TAMS 0x00000000c3000000, 0x00000000c2f00000| Untracked 
|   6|0x00000000c3000000, 0x00000000c3100000, 0x00000000c3100000|100%| O|  |TAMS 0x00000000c3100000, 0x00000000c3000000| Untracked 
|   7|0x00000000c3100000, 0x00000000c3200000, 0x00000000c3200000|100%| O|  |TAMS 0x00000000c3200000, 0x00000000c3100000| Untracked 
|   8|0x00000000c3200000, 0x00000000c3300000, 0x00000000c3300000|100%| O|  |TAMS 0x00000000c3300000, 0x00000000c3200000| Untracked 
|   9|0x00000000c3300000, 0x00000000c3400000, 0x00000000c3400000|100%| O|  |TAMS 0x00000000c3400000, 0x00000000c3300000| Untracked 
|  10|0x00000000c3400000, 0x00000000c3500000, 0x00000000c3500000|100%| O|  |TAMS 0x00000000c3500000, 0x00000000c3400000| Untracked 
|  11|0x00000000c3500000, 0x00000000c3600000, 0x00000000c3600000|100%| O|  |TAMS 0x00000000c3600000, 0x00000000c3500000| Untracked 
|  12|0x00000000c3600000, 0x00000000c3700000, 0x00000000c3700000|100%| O|  |TAMS 0x00000000c3700000, 0x00000000c3600000| Untracked 
|  13|0x00000000c3700000, 0x00000000c3800000, 0x00000000c3800000|100%| O|  |TAMS 0x00000000c3800000, 0x00000000c3700000| Untracked 
|  14|0x00000000c3800000, 0x00000000c3900000, 0x00000000c3900000|100%|HS|  |TAMS 0x00000000c3900000, 0x00000000c3800000| Complete 
|  15|0x00000000c3900000, 0x00000000c3a00000, 0x00000000c3a00000|100%|HC|  |TAMS 0x00000000c3a00000, 0x00000000c3900000| Complete 
|  16|0x00000000c3a00000, 0x00000000c3b00000, 0x00000000c3b00000|100%| O|  |TAMS 0x00000000c3b00000, 0x00000000c3a00000| Untracked 
|  17|0x00000000c3b00000, 0x00000000c3c00000, 0x00000000c3c00000|100%| O|  |TAMS 0x00000000c3c00000, 0x00000000c3b00000| Untracked 
|  18|0x00000000c3c00000, 0x00000000c3d00000, 0x00000000c3d00000|100%| O|  |TAMS 0x00000000c3d00000, 0x00000000c3c00000| Untracked 
|  19|0x00000000c3d00000, 0x00000000c3e00000, 0x00000000c3e00000|100%| O|  |TAMS 0x00000000c3e00000, 0x00000000c3d00000| Untracked 
|  20|0x00000000c3e00000, 0x00000000c3f00000, 0x00000000c3f00000|100%| O|  |TAMS 0x00000000c3f00000, 0x00000000c3e00000| Untracked 
|  21|0x00000000c3f00000, 0x00000000c4000000, 0x00000000c4000000|100%| O|  |TAMS 0x00000000c4000000, 0x00000000c3f00000| Untracked 
|  22|0x00000000c4000000, 0x00000000c4100000, 0x00000000c4100000|100%| O|  |TAMS 0x00000000c4100000, 0x00000000c4000000| Untracked 
|  23|0x00000000c4100000, 0x00000000c4200000, 0x00000000c4200000|100%| O|  |TAMS 0x00000000c4200000, 0x00000000c4100000| Untracked 
|  24|0x00000000c4200000, 0x00000000c4300000, 0x00000000c4300000|100%| O|  |TAMS 0x00000000c4300000, 0x00000000c4200000| Untracked 
|  25|0x00000000c4300000, 0x00000000c4400000, 0x00000000c4400000|100%| O|  |TAMS 0x00000000c4400000, 0x00000000c4300000| Untracked 
|  26|0x00000000c4400000, 0x00000000c4500000, 0x00000000c4500000|100%| O|  |TAMS 0x00000000c4500000, 0x00000000c4400000| Untracked 
|  27|0x00000000c4500000, 0x00000000c4600000, 0x00000000c4600000|100%| O|  |TAMS 0x00000000c4600000, 0x00000000c4500000| Untracked 
|  28|0x00000000c4600000, 0x00000000c4700000, 0x00000000c4700000|100%| O|  |TAMS 0x00000000c4700000, 0x00000000c4600000| Untracked 
|  29|0x00000000c4700000, 0x00000000c4800000, 0x00000000c4800000|100%| O|  |TAMS 0x00000000c4800000, 0x00000000c4700000| Untracked 
|  30|0x00000000c4800000, 0x00000000c4900000, 0x00000000c4900000|100%| O|  |TAMS 0x00000000c4900000, 0x00000000c4800000| Untracked 
|  31|0x00000000c4900000, 0x00000000c4a00000, 0x00000000c4a00000|100%| O|  |TAMS 0x00000000c4a00000, 0x00000000c4900000| Untracked 
|  32|0x00000000c4a00000, 0x00000000c4b00000, 0x00000000c4b00000|100%| O|  |TAMS 0x00000000c4b00000, 0x00000000c4a00000| Untracked 
|  33|0x00000000c4b00000, 0x00000000c4c00000, 0x00000000c4c00000|100%| O|  |TAMS 0x00000000c4c00000, 0x00000000c4b00000| Untracked 
|  34|0x00000000c4c00000, 0x00000000c4d00000, 0x00000000c4d00000|100%| O|  |TAMS 0x00000000c4d00000, 0x00000000c4c00000| Untracked 
|  35|0x00000000c4d00000, 0x00000000c4e00000, 0x00000000c4e00000|100%| O|  |TAMS 0x00000000c4e00000, 0x00000000c4d00000| Untracked 
|  36|0x00000000c4e00000, 0x00000000c4f00000, 0x00000000c4f00000|100%| O|  |TAMS 0x00000000c4f00000, 0x00000000c4e00000| Untracked 
|  37|0x00000000c4f00000, 0x00000000c5000000, 0x00000000c5000000|100%| O|  |TAMS 0x00000000c5000000, 0x00000000c4f00000| Untracked 
|  38|0x00000000c5000000, 0x00000000c5100000, 0x00000000c5100000|100%| O|  |TAMS 0x00000000c5100000, 0x00000000c5000000| Untracked 
|  39|0x00000000c5100000, 0x00000000c5200000, 0x00000000c5200000|100%| O|  |TAMS 0x00000000c5200000, 0x00000000c5100000| Untracked 
|  40|0x00000000c5200000, 0x00000000c5300000, 0x00000000c5300000|100%| O|  |TAMS 0x00000000c5300000, 0x00000000c5200000| Untracked 
|  41|0x00000000c5300000, 0x00000000c5400000, 0x00000000c5400000|100%| O|  |TAMS 0x00000000c5400000, 0x00000000c5300000| Untracked 
|  42|0x00000000c5400000, 0x00000000c5500000, 0x00000000c5500000|100%| O|  |TAMS 0x00000000c5500000, 0x00000000c5400000| Untracked 
|  43|0x00000000c5500000, 0x00000000c5600000, 0x00000000c5600000|100%| O|  |TAMS 0x00000000c5600000, 0x00000000c5500000| Untracked 
|  44|0x00000000c5600000, 0x00000000c5700000, 0x00000000c5700000|100%| O|  |TAMS 0x00000000c5700000, 0x00000000c5600000| Untracked 
|  45|0x00000000c5700000, 0x00000000c5800000, 0x00000000c5800000|100%| O|  |TAMS 0x00000000c5800000, 0x00000000c5700000| Untracked 
|  46|0x00000000c5800000, 0x00000000c5900000, 0x00000000c5900000|100%| O|  |TAMS 0x00000000c5900000, 0x00000000c5800000| Untracked 
|  47|0x00000000c5900000, 0x00000000c5a00000, 0x00000000c5a00000|100%| O|  |TAMS 0x00000000c5a00000, 0x00000000c5900000| Untracked 
|  48|0x00000000c5a00000, 0x00000000c5b00000, 0x00000000c5b00000|100%| O|  |TAMS 0x00000000c5b00000, 0x00000000c5a00000| Untracked 
|  49|0x00000000c5b00000, 0x00000000c5c00000, 0x00000000c5c00000|100%| O|  |TAMS 0x00000000c5c00000, 0x00000000c5b00000| Untracked 
|  50|0x00000000c5c00000, 0x00000000c5d00000, 0x00000000c5d00000|100%| O|  |TAMS 0x00000000c5d00000, 0x00000000c5c00000| Untracked 
|  51|0x00000000c5d00000, 0x00000000c5e00000, 0x00000000c5e00000|100%| O|  |TAMS 0x00000000c5e00000, 0x00000000c5d00000| Untracked 
|  52|0x00000000c5e00000, 0x00000000c5f00000, 0x00000000c5f00000|100%| O|  |TAMS 0x00000000c5f00000, 0x00000000c5e00000| Untracked 
|  53|0x00000000c5f00000, 0x00000000c6000000, 0x00000000c6000000|100%| O|  |TAMS 0x00000000c6000000, 0x00000000c5f00000| Untracked 
|  54|0x00000000c6000000, 0x00000000c6100000, 0x00000000c6100000|100%| O|  |TAMS 0x00000000c6100000, 0x00000000c6000000| Untracked 
|  55|0x00000000c6100000, 0x00000000c6200000, 0x00000000c6200000|100%| O|  |TAMS 0x00000000c6200000, 0x00000000c6100000| Untracked 
|  56|0x00000000c6200000, 0x00000000c6300000, 0x00000000c6300000|100%| O|  |TAMS 0x00000000c6300000, 0x00000000c6200000| Untracked 
|  57|0x00000000c6300000, 0x00000000c6400000, 0x00000000c6400000|100%| O|  |TAMS 0x00000000c6400000, 0x00000000c6300000| Untracked 
|  58|0x00000000c6400000, 0x00000000c6500000, 0x00000000c6500000|100%| O|  |TAMS 0x00000000c6500000, 0x00000000c6400000| Untracked 
|  59|0x00000000c6500000, 0x00000000c6600000, 0x00000000c6600000|100%| O|  |TAMS 0x00000000c6600000, 0x00000000c6500000| Untracked 
|  60|0x00000000c6600000, 0x00000000c6700000, 0x00000000c6700000|100%| O|  |TAMS 0x00000000c6700000, 0x00000000c6600000| Untracked 
|  61|0x00000000c6700000, 0x00000000c6800000, 0x00000000c6800000|100%| O|  |TAMS 0x00000000c6800000, 0x00000000c6700000| Untracked 
|  62|0x00000000c6800000, 0x00000000c6900000, 0x00000000c6900000|100%| O|  |TAMS 0x00000000c6900000, 0x00000000c6800000| Untracked 
|  63|0x00000000c6900000, 0x00000000c6a00000, 0x00000000c6a00000|100%| O|  |TAMS 0x00000000c6a00000, 0x00000000c6900000| Untracked 
|  64|0x00000000c6a00000, 0x00000000c6b00000, 0x00000000c6b00000|100%| O|  |TAMS 0x00000000c6b00000, 0x00000000c6a00000| Untracked 
|  65|0x00000000c6b00000, 0x00000000c6c00000, 0x00000000c6c00000|100%| O|  |TAMS 0x00000000c6c00000, 0x00000000c6b00000| Untracked 
|  66|0x00000000c6c00000, 0x00000000c6d00000, 0x00000000c6d00000|100%|HS|  |TAMS 0x00000000c6d00000, 0x00000000c6c00000| Complete 
|  67|0x00000000c6d00000, 0x00000000c6e00000, 0x00000000c6e00000|100%|HC|  |TAMS 0x00000000c6e00000, 0x00000000c6d00000| Complete 
|  68|0x00000000c6e00000, 0x00000000c6f00000, 0x00000000c6f00000|100%| O|  |TAMS 0x00000000c6f00000, 0x00000000c6e00000| Untracked 
|  69|0x00000000c6f00000, 0x00000000c7000000, 0x00000000c7000000|100%| O|  |TAMS 0x00000000c7000000, 0x00000000c6f00000| Untracked 
|  70|0x00000000c7000000, 0x00000000c7100000, 0x00000000c7100000|100%| O|  |TAMS 0x00000000c7100000, 0x00000000c7000000| Untracked 
|  71|0x00000000c7100000, 0x00000000c7200000, 0x00000000c7200000|100%| O|  |TAMS 0x00000000c7200000, 0x00000000c7100000| Untracked 
|  72|0x00000000c7200000, 0x00000000c7300000, 0x00000000c7300000|100%| O|  |TAMS 0x00000000c7300000, 0x00000000c7200000| Untracked 
|  73|0x00000000c7300000, 0x00000000c7400000, 0x00000000c7400000|100%| O|  |TAMS 0x00000000c7400000, 0x00000000c7300000| Untracked 
|  74|0x00000000c7400000, 0x00000000c7500000, 0x00000000c7500000|100%| O|  |TAMS 0x00000000c7500000, 0x00000000c7400000| Untracked 
|  75|0x00000000c7500000, 0x00000000c7600000, 0x00000000c7600000|100%| O|  |TAMS 0x00000000c7600000, 0x00000000c7500000| Untracked 
|  76|0x00000000c7600000, 0x00000000c7700000, 0x00000000c7700000|100%| O|  |TAMS 0x00000000c7700000, 0x00000000c7600000| Untracked 
|  77|0x00000000c7700000, 0x00000000c7800000, 0x00000000c7800000|100%| O|  |TAMS 0x00000000c7800000, 0x00000000c7700000| Untracked 
|  78|0x00000000c7800000, 0x00000000c7900000, 0x00000000c7900000|100%| O|  |TAMS 0x00000000c7900000, 0x00000000c7800000| Untracked 
|  79|0x00000000c7900000, 0x00000000c7a00000, 0x00000000c7a00000|100%| O|  |TAMS 0x00000000c7a00000, 0x00000000c7900000| Untracked 
|  80|0x00000000c7a00000, 0x00000000c7aa6200, 0x00000000c7b00000| 64%| O|  |TAMS 0x00000000c7a4a200, 0x00000000c7a00000| Untracked 
|  81|0x00000000c7b00000, 0x00000000c7b00000, 0x00000000c7c00000|  0%| F|  |TAMS 0x00000000c7b00000, 0x00000000c7b00000| Untracked 
|  82|0x00000000c7c00000, 0x00000000c7c00000, 0x00000000c7d00000|  0%| F|  |TAMS 0x00000000c7c00000, 0x00000000c7c00000| Untracked 
|  83|0x00000000c7d00000, 0x00000000c7d00000, 0x00000000c7e00000|  0%| F|  |TAMS 0x00000000c7d00000, 0x00000000c7d00000| Untracked 
|  84|0x00000000c7e00000, 0x00000000c7e00000, 0x00000000c7f00000|  0%| F|  |TAMS 0x00000000c7e00000, 0x00000000c7e00000| Untracked 
|  85|0x00000000c7f00000, 0x00000000c7f00000, 0x00000000c8000000|  0%| F|  |TAMS 0x00000000c7f00000, 0x00000000c7f00000| Untracked 
|  86|0x00000000c8000000, 0x00000000c8000000, 0x00000000c8100000|  0%| F|  |TAMS 0x00000000c8000000, 0x00000000c8000000| Untracked 
|  87|0x00000000c8100000, 0x00000000c8100000, 0x00000000c8200000|  0%| F|  |TAMS 0x00000000c8100000, 0x00000000c8100000| Untracked 
|  88|0x00000000c8200000, 0x00000000c8200000, 0x00000000c8300000|  0%| F|  |TAMS 0x00000000c8200000, 0x00000000c8200000| Untracked 
|  89|0x00000000c8300000, 0x00000000c8300000, 0x00000000c8400000|  0%| F|  |TAMS 0x00000000c8300000, 0x00000000c8300000| Untracked 
|  90|0x00000000c8400000, 0x00000000c8400000, 0x00000000c8500000|  0%| F|  |TAMS 0x00000000c8400000, 0x00000000c8400000| Untracked 
|  91|0x00000000c8500000, 0x00000000c8500000, 0x00000000c8600000|  0%| F|  |TAMS 0x00000000c8500000, 0x00000000c8500000| Untracked 
|  92|0x00000000c8600000, 0x00000000c8600000, 0x00000000c8700000|  0%| F|  |TAMS 0x00000000c8600000, 0x00000000c8600000| Untracked 
|  93|0x00000000c8700000, 0x00000000c8700000, 0x00000000c8800000|  0%| F|  |TAMS 0x00000000c8700000, 0x00000000c8700000| Untracked 
|  94|0x00000000c8800000, 0x00000000c8800000, 0x00000000c8900000|  0%| F|  |TAMS 0x00000000c8800000, 0x00000000c8800000| Untracked 
|  95|0x00000000c8900000, 0x00000000c8900000, 0x00000000c8a00000|  0%| F|  |TAMS 0x00000000c8900000, 0x00000000c8900000| Untracked 
|  96|0x00000000c8a00000, 0x00000000c8a00000, 0x00000000c8b00000|  0%| F|  |TAMS 0x00000000c8a00000, 0x00000000c8a00000| Untracked 
|  97|0x00000000c8b00000, 0x00000000c8b00000, 0x00000000c8c00000|  0%| F|  |TAMS 0x00000000c8b00000, 0x00000000c8b00000| Untracked 
|  98|0x00000000c8c00000, 0x00000000c8c00000, 0x00000000c8d00000|  0%| F|  |TAMS 0x00000000c8c00000, 0x00000000c8c00000| Untracked 
|  99|0x00000000c8d00000, 0x00000000c8d00000, 0x00000000c8e00000|  0%| F|  |TAMS 0x00000000c8d00000, 0x00000000c8d00000| Untracked 
| 100|0x00000000c8e00000, 0x00000000c8e00000, 0x00000000c8f00000|  0%| F|  |TAMS 0x00000000c8e00000, 0x00000000c8e00000| Untracked 
| 101|0x00000000c8f00000, 0x00000000c8f00000, 0x00000000c9000000|  0%| F|  |TAMS 0x00000000c8f00000, 0x00000000c8f00000| Untracked 
| 102|0x00000000c9000000, 0x00000000c9000000, 0x00000000c9100000|  0%| F|  |TAMS 0x00000000c9000000, 0x00000000c9000000| Untracked 
| 103|0x00000000c9100000, 0x00000000c9100000, 0x00000000c9200000|  0%| F|  |TAMS 0x00000000c9100000, 0x00000000c9100000| Untracked 
| 104|0x00000000c9200000, 0x00000000c9200000, 0x00000000c9300000|  0%| F|  |TAMS 0x00000000c9200000, 0x00000000c9200000| Untracked 
| 105|0x00000000c9300000, 0x00000000c9300000, 0x00000000c9400000|  0%| F|  |TAMS 0x00000000c9300000, 0x00000000c9300000| Untracked 
| 106|0x00000000c9400000, 0x00000000c9400000, 0x00000000c9500000|  0%| F|  |TAMS 0x00000000c9400000, 0x00000000c9400000| Untracked 
| 107|0x00000000c9500000, 0x00000000c9500000, 0x00000000c9600000|  0%| F|  |TAMS 0x00000000c9500000, 0x00000000c9500000| Untracked 
| 108|0x00000000c9600000, 0x00000000c9600000, 0x00000000c9700000|  0%| F|  |TAMS 0x00000000c9600000, 0x00000000c9600000| Untracked 
| 109|0x00000000c9700000, 0x00000000c9700000, 0x00000000c9800000|  0%| F|  |TAMS 0x00000000c9700000, 0x00000000c9700000| Untracked 
| 110|0x00000000c9800000, 0x00000000c9800000, 0x00000000c9900000|  0%| F|  |TAMS 0x00000000c9800000, 0x00000000c9800000| Untracked 
| 111|0x00000000c9900000, 0x00000000c9900000, 0x00000000c9a00000|  0%| F|  |TAMS 0x00000000c9900000, 0x00000000c9900000| Untracked 
| 112|0x00000000c9a00000, 0x00000000c9a00000, 0x00000000c9b00000|  0%| F|  |TAMS 0x00000000c9a00000, 0x00000000c9a00000| Untracked 
| 113|0x00000000c9b00000, 0x00000000c9b00000, 0x00000000c9c00000|  0%| F|  |TAMS 0x00000000c9b00000, 0x00000000c9b00000| Untracked 
| 114|0x00000000c9c00000, 0x00000000c9c00000, 0x00000000c9d00000|  0%| F|  |TAMS 0x00000000c9c00000, 0x00000000c9c00000| Untracked 
| 115|0x00000000c9d00000, 0x00000000c9d00000, 0x00000000c9e00000|  0%| F|  |TAMS 0x00000000c9d00000, 0x00000000c9d00000| Untracked 
| 116|0x00000000c9e00000, 0x00000000c9e00000, 0x00000000c9f00000|  0%| F|  |TAMS 0x00000000c9e00000, 0x00000000c9e00000| Untracked 
| 117|0x00000000c9f00000, 0x00000000c9f00000, 0x00000000ca000000|  0%| F|  |TAMS 0x00000000c9f00000, 0x00000000c9f00000| Untracked 
| 118|0x00000000ca000000, 0x00000000ca000000, 0x00000000ca100000|  0%| F|  |TAMS 0x00000000ca000000, 0x00000000ca000000| Untracked 
| 119|0x00000000ca100000, 0x00000000ca100000, 0x00000000ca200000|  0%| F|  |TAMS 0x00000000ca100000, 0x00000000ca100000| Untracked 
| 120|0x00000000ca200000, 0x00000000ca200000, 0x00000000ca300000|  0%| F|  |TAMS 0x00000000ca200000, 0x00000000ca200000| Untracked 
| 121|0x00000000ca300000, 0x00000000ca300000, 0x00000000ca400000|  0%| F|  |TAMS 0x00000000ca300000, 0x00000000ca300000| Untracked 
| 122|0x00000000ca400000, 0x00000000ca400000, 0x00000000ca500000|  0%| F|  |TAMS 0x00000000ca400000, 0x00000000ca400000| Untracked 
| 123|0x00000000ca500000, 0x00000000ca500000, 0x00000000ca600000|  0%| F|  |TAMS 0x00000000ca500000, 0x00000000ca500000| Untracked 
| 124|0x00000000ca600000, 0x00000000ca600000, 0x00000000ca700000|  0%| F|  |TAMS 0x00000000ca600000, 0x00000000ca600000| Untracked 
| 125|0x00000000ca700000, 0x00000000ca700000, 0x00000000ca800000|  0%| F|  |TAMS 0x00000000ca700000, 0x00000000ca700000| Untracked 
| 126|0x00000000ca800000, 0x00000000ca800000, 0x00000000ca900000|  0%| F|  |TAMS 0x00000000ca800000, 0x00000000ca800000| Untracked 
| 127|0x00000000ca900000, 0x00000000ca900000, 0x00000000caa00000|  0%| F|  |TAMS 0x00000000ca900000, 0x00000000ca900000| Untracked 
| 128|0x00000000caa00000, 0x00000000caa00000, 0x00000000cab00000|  0%| F|  |TAMS 0x00000000caa00000, 0x00000000caa00000| Untracked 
| 129|0x00000000cab00000, 0x00000000cab00000, 0x00000000cac00000|  0%| F|  |TAMS 0x00000000cab00000, 0x00000000cab00000| Untracked 
| 130|0x00000000cac00000, 0x00000000cac00000, 0x00000000cad00000|  0%| F|  |TAMS 0x00000000cac00000, 0x00000000cac00000| Untracked 
| 131|0x00000000cad00000, 0x00000000cad00000, 0x00000000cae00000|  0%| F|  |TAMS 0x00000000cad00000, 0x00000000cad00000| Untracked 
| 132|0x00000000cae00000, 0x00000000cae00000, 0x00000000caf00000|  0%| F|  |TAMS 0x00000000cae00000, 0x00000000cae00000| Untracked 
| 133|0x00000000caf00000, 0x00000000caf00000, 0x00000000cb000000|  0%| F|  |TAMS 0x00000000caf00000, 0x00000000caf00000| Untracked 
| 134|0x00000000cb000000, 0x00000000cb000000, 0x00000000cb100000|  0%| F|  |TAMS 0x00000000cb000000, 0x00000000cb000000| Untracked 
| 135|0x00000000cb100000, 0x00000000cb100000, 0x00000000cb200000|  0%| F|  |TAMS 0x00000000cb100000, 0x00000000cb100000| Untracked 
| 136|0x00000000cb200000, 0x00000000cb200000, 0x00000000cb300000|  0%| F|  |TAMS 0x00000000cb200000, 0x00000000cb200000| Untracked 
| 137|0x00000000cb300000, 0x00000000cb300000, 0x00000000cb400000|  0%| F|  |TAMS 0x00000000cb300000, 0x00000000cb300000| Untracked 
| 138|0x00000000cb400000, 0x00000000cb400000, 0x00000000cb500000|  0%| F|  |TAMS 0x00000000cb400000, 0x00000000cb400000| Untracked 
| 139|0x00000000cb500000, 0x00000000cb500000, 0x00000000cb600000|  0%| F|  |TAMS 0x00000000cb500000, 0x00000000cb500000| Untracked 
| 140|0x00000000cb600000, 0x00000000cb600000, 0x00000000cb700000|  0%| F|  |TAMS 0x00000000cb600000, 0x00000000cb600000| Untracked 
| 141|0x00000000cb700000, 0x00000000cb700000, 0x00000000cb800000|  0%| F|  |TAMS 0x00000000cb700000, 0x00000000cb700000| Untracked 
| 142|0x00000000cb800000, 0x00000000cb800000, 0x00000000cb900000|  0%| F|  |TAMS 0x00000000cb800000, 0x00000000cb800000| Untracked 
| 143|0x00000000cb900000, 0x00000000cb900000, 0x00000000cba00000|  0%| F|  |TAMS 0x00000000cb900000, 0x00000000cb900000| Untracked 
| 144|0x00000000cba00000, 0x00000000cba00000, 0x00000000cbb00000|  0%| F|  |TAMS 0x00000000cba00000, 0x00000000cba00000| Untracked 
| 145|0x00000000cbb00000, 0x00000000cbb00000, 0x00000000cbc00000|  0%| F|  |TAMS 0x00000000cbb00000, 0x00000000cbb00000| Untracked 
| 146|0x00000000cbc00000, 0x00000000cbc00000, 0x00000000cbd00000|  0%| F|  |TAMS 0x00000000cbc00000, 0x00000000cbc00000| Untracked 
| 147|0x00000000cbd00000, 0x00000000cbd00000, 0x00000000cbe00000|  0%| F|  |TAMS 0x00000000cbd00000, 0x00000000cbd00000| Untracked 
| 148|0x00000000cbe00000, 0x00000000cbe00000, 0x00000000cbf00000|  0%| F|  |TAMS 0x00000000cbe00000, 0x00000000cbe00000| Untracked 
| 149|0x00000000cbf00000, 0x00000000cbf00000, 0x00000000cc000000|  0%| F|  |TAMS 0x00000000cbf00000, 0x00000000cbf00000| Untracked 
| 150|0x00000000cc000000, 0x00000000cc000000, 0x00000000cc100000|  0%| F|  |TAMS 0x00000000cc000000, 0x00000000cc000000| Untracked 
| 151|0x00000000cc100000, 0x00000000cc100000, 0x00000000cc200000|  0%| F|  |TAMS 0x00000000cc100000, 0x00000000cc100000| Untracked 
| 152|0x00000000cc200000, 0x00000000cc200000, 0x00000000cc300000|  0%| F|  |TAMS 0x00000000cc200000, 0x00000000cc200000| Untracked 
| 153|0x00000000cc300000, 0x00000000cc300000, 0x00000000cc400000|  0%| F|  |TAMS 0x00000000cc300000, 0x00000000cc300000| Untracked 
| 154|0x00000000cc400000, 0x00000000cc400000, 0x00000000cc500000|  0%| F|  |TAMS 0x00000000cc400000, 0x00000000cc400000| Untracked 
| 155|0x00000000cc500000, 0x00000000cc500000, 0x00000000cc600000|  0%| F|  |TAMS 0x00000000cc500000, 0x00000000cc500000| Untracked 
| 156|0x00000000cc600000, 0x00000000cc600000, 0x00000000cc700000|  0%| F|  |TAMS 0x00000000cc600000, 0x00000000cc600000| Untracked 
| 157|0x00000000cc700000, 0x00000000cc700000, 0x00000000cc800000|  0%| F|  |TAMS 0x00000000cc700000, 0x00000000cc700000| Untracked 
| 158|0x00000000cc800000, 0x00000000cc800000, 0x00000000cc900000|  0%| F|  |TAMS 0x00000000cc800000, 0x00000000cc800000| Untracked 
| 159|0x00000000cc900000, 0x00000000cc900000, 0x00000000cca00000|  0%| F|  |TAMS 0x00000000cc900000, 0x00000000cc900000| Untracked 
| 160|0x00000000cca00000, 0x00000000cca00000, 0x00000000ccb00000|  0%| F|  |TAMS 0x00000000cca00000, 0x00000000cca00000| Untracked 
| 161|0x00000000ccb00000, 0x00000000ccb00000, 0x00000000ccc00000|  0%| F|  |TAMS 0x00000000ccb00000, 0x00000000ccb00000| Untracked 
| 162|0x00000000ccc00000, 0x00000000ccc00000, 0x00000000ccd00000|  0%| F|  |TAMS 0x00000000ccc00000, 0x00000000ccc00000| Untracked 
| 163|0x00000000ccd00000, 0x00000000ccd00000, 0x00000000cce00000|  0%| F|  |TAMS 0x00000000ccd00000, 0x00000000ccd00000| Untracked 
| 164|0x00000000cce00000, 0x00000000cce00000, 0x00000000ccf00000|  0%| F|  |TAMS 0x00000000cce00000, 0x00000000cce00000| Untracked 
| 165|0x00000000ccf00000, 0x00000000ccf00000, 0x00000000cd000000|  0%| F|  |TAMS 0x00000000ccf00000, 0x00000000ccf00000| Untracked 
| 166|0x00000000cd000000, 0x00000000cd000000, 0x00000000cd100000|  0%| F|  |TAMS 0x00000000cd000000, 0x00000000cd000000| Untracked 
| 167|0x00000000cd100000, 0x00000000cd100000, 0x00000000cd200000|  0%| F|  |TAMS 0x00000000cd100000, 0x00000000cd100000| Untracked 
| 168|0x00000000cd200000, 0x00000000cd200000, 0x00000000cd300000|  0%| F|  |TAMS 0x00000000cd200000, 0x00000000cd200000| Untracked 
| 169|0x00000000cd300000, 0x00000000cd300000, 0x00000000cd400000|  0%| F|  |TAMS 0x00000000cd300000, 0x00000000cd300000| Untracked 
| 170|0x00000000cd400000, 0x00000000cd400000, 0x00000000cd500000|  0%| F|  |TAMS 0x00000000cd400000, 0x00000000cd400000| Untracked 
| 171|0x00000000cd500000, 0x00000000cd500000, 0x00000000cd600000|  0%| F|  |TAMS 0x00000000cd500000, 0x00000000cd500000| Untracked 
| 172|0x00000000cd600000, 0x00000000cd600000, 0x00000000cd700000|  0%| F|  |TAMS 0x00000000cd600000, 0x00000000cd600000| Untracked 
| 173|0x00000000cd700000, 0x00000000cd700000, 0x00000000cd800000|  0%| F|  |TAMS 0x00000000cd700000, 0x00000000cd700000| Untracked 
| 174|0x00000000cd800000, 0x00000000cd800000, 0x00000000cd900000|  0%| F|  |TAMS 0x00000000cd800000, 0x00000000cd800000| Untracked 
| 175|0x00000000cd900000, 0x00000000cd900000, 0x00000000cda00000|  0%| F|  |TAMS 0x00000000cd900000, 0x00000000cd900000| Untracked 
| 176|0x00000000cda00000, 0x00000000cda00000, 0x00000000cdb00000|  0%| F|  |TAMS 0x00000000cda00000, 0x00000000cda00000| Untracked 
| 177|0x00000000cdb00000, 0x00000000cdb00000, 0x00000000cdc00000|  0%| F|  |TAMS 0x00000000cdb00000, 0x00000000cdb00000| Untracked 
| 178|0x00000000cdc00000, 0x00000000cdc00000, 0x00000000cdd00000|  0%| F|  |TAMS 0x00000000cdc00000, 0x00000000cdc00000| Untracked 
| 179|0x00000000cdd00000, 0x00000000cdd00000, 0x00000000cde00000|  0%| F|  |TAMS 0x00000000cdd00000, 0x00000000cdd00000| Untracked 
| 180|0x00000000cde00000, 0x00000000cde94e80, 0x00000000cdf00000| 58%| S|CS|TAMS 0x00000000cde00000, 0x00000000cde00000| Complete 
| 181|0x00000000cdf00000, 0x00000000ce000000, 0x00000000ce000000|100%| S|CS|TAMS 0x00000000cdf00000, 0x00000000cdf00000| Complete 
| 182|0x00000000ce000000, 0x00000000ce000000, 0x00000000ce100000|  0%| F|  |TAMS 0x00000000ce000000, 0x00000000ce000000| Untracked 
| 183|0x00000000ce100000, 0x00000000ce100000, 0x00000000ce200000|  0%| F|  |TAMS 0x00000000ce100000, 0x00000000ce100000| Untracked 
| 184|0x00000000ce200000, 0x00000000ce200000, 0x00000000ce300000|  0%| F|  |TAMS 0x00000000ce200000, 0x00000000ce200000| Untracked 
| 185|0x00000000ce300000, 0x00000000ce400000, 0x00000000ce400000|100%| E|  |TAMS 0x00000000ce300000, 0x00000000ce300000| Complete 
| 186|0x00000000ce400000, 0x00000000ce500000, 0x00000000ce500000|100%| E|CS|TAMS 0x00000000ce400000, 0x00000000ce400000| Complete 
| 187|0x00000000ce500000, 0x00000000ce600000, 0x00000000ce600000|100%| E|CS|TAMS 0x00000000ce500000, 0x00000000ce500000| Complete 
| 188|0x00000000ce600000, 0x00000000ce700000, 0x00000000ce700000|100%| E|CS|TAMS 0x00000000ce600000, 0x00000000ce600000| Complete 
| 189|0x00000000ce700000, 0x00000000ce800000, 0x00000000ce800000|100%| E|CS|TAMS 0x00000000ce700000, 0x00000000ce700000| Complete 
| 190|0x00000000ce800000, 0x00000000ce900000, 0x00000000ce900000|100%| E|CS|TAMS 0x00000000ce800000, 0x00000000ce800000| Complete 
| 191|0x00000000ce900000, 0x00000000cea00000, 0x00000000cea00000|100%| E|CS|TAMS 0x00000000ce900000, 0x00000000ce900000| Complete 
| 192|0x00000000cea00000, 0x00000000ceb00000, 0x00000000ceb00000|100%| E|CS|TAMS 0x00000000cea00000, 0x00000000cea00000| Complete 
| 193|0x00000000ceb00000, 0x00000000cec00000, 0x00000000cec00000|100%| E|CS|TAMS 0x00000000ceb00000, 0x00000000ceb00000| Complete 
| 194|0x00000000cec00000, 0x00000000ced00000, 0x00000000ced00000|100%| E|CS|TAMS 0x00000000cec00000, 0x00000000cec00000| Complete 
| 195|0x00000000ced00000, 0x00000000cee00000, 0x00000000cee00000|100%| E|CS|TAMS 0x00000000ced00000, 0x00000000ced00000| Complete 
| 196|0x00000000cee00000, 0x00000000cef00000, 0x00000000cef00000|100%| E|CS|TAMS 0x00000000cee00000, 0x00000000cee00000| Complete 
| 197|0x00000000cef00000, 0x00000000cf000000, 0x00000000cf000000|100%| E|CS|TAMS 0x00000000cef00000, 0x00000000cef00000| Complete 

Card table byte_map: [0x0000025d377a0000,0x0000025d37990000] _byte_map_base: 0x0000025d3718b000

Marking Bits (Prev, Next): (CMBitMap*) 0x0000025d244b7958, (CMBitMap*) 0x0000025d244b7990
 Prev Bits: [0x0000025d37b80000, 0x0000025d38ad8000)
 Next Bits: [0x0000025d38ae0000, 0x0000025d39a38000)

Polling page: 0x0000025d22b80000

Metaspace:

Usage:
  Non-class:     64.02 MB capacity,    63.55 MB (>99%) used,   356.88 KB ( <1%) free+waste,   123.75 KB ( <1%) overhead. 
      Class:      8.31 MB capacity,     7.98 MB ( 96%) used,   283.76 KB (  3%) free+waste,    53.88 KB ( <1%) overhead. 
       Both:     72.32 MB capacity,    71.52 MB ( 99%) used,   640.64 KB ( <1%) free+waste,   177.63 KB ( <1%) overhead. 

Virtual space:
  Non-class space:       66.00 MB reserved,      64.16 MB ( 97%) committed 
      Class space:        1.00 GB reserved,       8.37 MB ( <1%) committed 
             Both:        1.06 GB reserved,      72.53 MB (  7%) committed 

Chunk freelists:
   Non-Class:  16.00 KB
       Class:  5.00 KB
        Both:  21.00 KB

MaxMetaspaceSize: 17179869184.00 GB
CompressedClassSpaceSize: 1.00 GB

CodeHeap 'non-profiled nmethods': size=120064Kb used=6303Kb max_used=6303Kb free=113761Kb
 bounds [0x0000025d2fa50000, 0x0000025d30080000, 0x0000025d36f90000]
CodeHeap 'profiled nmethods': size=120000Kb used=37145Kb max_used=37145Kb free=82855Kb
 bounds [0x0000025d28520000, 0x0000025d2a970000, 0x0000025d2fa50000]
CodeHeap 'non-nmethods': size=5696Kb used=1210Kb max_used=1250Kb free=4485Kb
 bounds [0x0000025d27f90000, 0x0000025d28200000, 0x0000025d28520000]
 total_blobs=13879 nmethods=13316 adapters=470
 compilation: enabled
              stopped_count=0, restarted_count=0
 full_count=0

Compilation events (20 events):
Event: 94.256 Thread 0x0000025d3c87d800 nmethod 13554 0x0000025d3006f890 code [0x0000025d3006fac0, 0x0000025d300704b8]
Event: 94.256 Thread 0x0000025d3c87d800 13556       4       org.jetbrains.kotlin.resolve.MemberComparator$NameAndTypeMemberComparator::getDeclarationPriority (87 bytes)
Event: 94.262 Thread 0x0000025d3c87d800 nmethod 13556 0x0000025d30070a90 code [0x0000025d30070c60, 0x0000025d30070f98]
Event: 94.262 Thread 0x0000025d3c87d800 13555       4       org.jetbrains.kotlin.resolve.MemberComparator::compare (847 bytes)
Event: 94.330 Thread 0x0000025d3c87e000 13563       3       org.jetbrains.kotlin.codegen.inline.MaxStackFrameSizeAndLocalsCalculator::getLabelWrapper (18 bytes)
Event: 94.331 Thread 0x0000025d3c87e000 nmethod 13563 0x0000025d2a92c810 code [0x0000025d2a92ca20, 0x0000025d2a92d068]
Event: 94.332 Thread 0x0000025d3c87d800 nmethod 13555 0x0000025d30071190 code [0x0000025d30071620, 0x0000025d30072d70]
Event: 94.332 Thread 0x0000025d3c87d800 13557       4       org.jetbrains.kotlin.resolve.DescriptorUtils::isEnumEntry (17 bytes)
Event: 94.334 Thread 0x0000025d3c87d800 nmethod 13557 0x0000025d30074c90 code [0x0000025d30074e20, 0x0000025d30074f18]
Event: 94.334 Thread 0x0000025d3c87d800 13562       4       org.jetbrains.kotlin.com.intellij.util.containers.MultiMap::putValue (44 bytes)
Event: 94.334 Thread 0x0000025d3c87e000 13564       3       org.jetbrains.kotlin.resolve.jvm.InlineClassManglingRulesKt::isInlineClassThatRequiresMangling (36 bytes)
Event: 94.336 Thread 0x0000025d3c87e000 nmethod 13564 0x0000025d2a92d290 code [0x0000025d2a92d700, 0x0000025d2a92f518]
Event: 94.336 Thread 0x0000025d3c87e000 13565       3       org.jetbrains.kotlin.resolve.jvm.InlineClassManglingRulesKt::isTypeParameterWithUpperBoundThatRequiresMangling (40 bytes)
Event: 94.337 Thread 0x0000025d3c87e000 nmethod 13565 0x0000025d2a92fd90 code [0x0000025d2a92ffc0, 0x0000025d2a930648]
Event: 94.338 Thread 0x0000025d3c87e000 13567       3       org.jetbrains.kotlin.codegen.optimization.common.MethodAnalyzer::processControlFlowEdge (16 bytes)
Event: 94.338 Thread 0x0000025d3c87e000 nmethod 13567 0x0000025d2a930810 code [0x0000025d2a9309e0, 0x0000025d2a930c08]
Event: 94.338 Thread 0x0000025d3c87e000 13568       3       java.util.BitSet::set (18 bytes)
Event: 94.339 Thread 0x0000025d3c87e000 nmethod 13568 0x0000025d2a930d10 code [0x0000025d2a930ee0, 0x0000025d2a931198]
Event: 94.349 Thread 0x0000025d3c87e000 13570       3       org.jetbrains.kotlin.resolve.descriptorUtil.DescriptorUtilsKt::getPropertyIfAccessor (37 bytes)
Event: 94.350 Thread 0x0000025d3c87e000 nmethod 13570 0x0000025d2a931290 code [0x0000025d2a931500, 0x0000025d2a931f98]

GC Heap History (20 events):
Event: 64.025 GC heap before
{Heap before GC invocations=41 (full 0):
 garbage-first heap   total 136192K, used 103868K [0x00000000c2a00000, 0x0000000100000000)
  region size 1024K, 31 young (31744K), 3 survivors (3072K)
 Metaspace       used 66055K, capacity 66777K, committed 66972K, reserved 1107968K
  class space    used 7561K, capacity 7866K, committed 7932K, reserved 1048576K
}
Event: 64.079 GC heap after
{Heap after GC invocations=42 (full 0):
 garbage-first heap   total 136192K, used 78710K [0x00000000c2a00000, 0x0000000100000000)
  region size 1024K, 4 young (4096K), 4 survivors (4096K)
 Metaspace       used 66055K, capacity 66777K, committed 66972K, reserved 1107968K
  class space    used 7561K, capacity 7866K, committed 7932K, reserved 1048576K
}
Event: 83.748 GC heap before
{Heap before GC invocations=43 (full 0):
 garbage-first heap   total 136192K, used 107382K [0x00000000c2a00000, 0x0000000100000000)
  region size 1024K, 32 young (32768K), 4 survivors (4096K)
 Metaspace       used 66477K, capacity 67202K, committed 67484K, reserved 1110016K
  class space    used 7573K, capacity 7899K, committed 7932K, reserved 1048576K
}
Event: 85.542 GC heap after
{Heap after GC invocations=44 (full 0):
 garbage-first heap   total 136192K, used 81671K [0x00000000c2a00000, 0x0000000100000000)
  region size 1024K, 3 young (3072K), 3 survivors (3072K)
 Metaspace       used 66477K, capacity 67202K, committed 67484K, reserved 1110016K
  class space    used 7573K, capacity 7899K, committed 7932K, reserved 1048576K
}
Event: 86.052 GC heap before
{Heap before GC invocations=44 (full 0):
 garbage-first heap   total 136192K, used 84743K [0x00000000c2a00000, 0x0000000100000000)
  region size 1024K, 6 young (6144K), 3 survivors (3072K)
 Metaspace       used 66508K, capacity 67202K, committed 67484K, reserved 1110016K
  class space    used 7573K, capacity 7899K, committed 7932K, reserved 1048576K
}
Event: 86.067 GC heap after
{Heap after GC invocations=45 (full 0):
 garbage-first heap   total 136192K, used 82409K [0x00000000c2a00000, 0x0000000100000000)
  region size 1024K, 1 young (1024K), 1 survivors (1024K)
 Metaspace       used 66508K, capacity 67202K, committed 67484K, reserved 1110016K
  class space    used 7573K, capacity 7899K, committed 7932K, reserved 1048576K
}
Event: 86.821 GC heap before
{Heap before GC invocations=46 (full 0):
 garbage-first heap   total 136192K, used 87529K [0x00000000c2a00000, 0x0000000100000000)
  region size 1024K, 6 young (6144K), 1 survivors (1024K)
 Metaspace       used 66767K, capacity 67527K, committed 67740K, reserved 1110016K
  class space    used 7602K, capacity 7901K, committed 7932K, reserved 1048576K
}
Event: 86.827 GC heap after
{Heap after GC invocations=47 (full 0):
 garbage-first heap   total 136192K, used 82604K [0x00000000c2a00000, 0x0000000100000000)
  region size 1024K, 1 young (1024K), 1 survivors (1024K)
 Metaspace       used 66767K, capacity 67527K, committed 67740K, reserved 1110016K
  class space    used 7602K, capacity 7901K, committed 7932K, reserved 1048576K
}
Event: 87.029 GC heap before
{Heap before GC invocations=47 (full 0):
 garbage-first heap   total 136192K, used 87724K [0x00000000c2a00000, 0x0000000100000000)
  region size 1024K, 6 young (6144K), 1 survivors (1024K)
 Metaspace       used 66924K, capacity 67687K, committed 67868K, reserved 1110016K
  class space    used 7608K, capacity 7933K, committed 8060K, reserved 1048576K
}
Event: 87.033 GC heap after
{Heap after GC invocations=48 (full 0):
 garbage-first heap   total 136192K, used 82735K [0x00000000c2a00000, 0x0000000100000000)
  region size 1024K, 1 young (1024K), 1 survivors (1024K)
 Metaspace       used 66924K, capacity 67687K, committed 67868K, reserved 1110016K
  class space    used 7608K, capacity 7933K, committed 8060K, reserved 1048576K
}
Event: 87.241 GC heap before
{Heap before GC invocations=48 (full 0):
 garbage-first heap   total 136192K, used 89903K [0x00000000c2a00000, 0x0000000100000000)
  region size 1024K, 8 young (8192K), 1 survivors (1024K)
 Metaspace       used 67033K, capacity 67815K, committed 68124K, reserved 1110016K
  class space    used 7610K, capacity 7933K, committed 8060K, reserved 1048576K
}
Event: 87.244 GC heap after
{Heap after GC invocations=49 (full 0):
 garbage-first heap   total 136192K, used 82813K [0x00000000c2a00000, 0x0000000100000000)
  region size 1024K, 1 young (1024K), 1 survivors (1024K)
 Metaspace       used 67033K, capacity 67815K, committed 68124K, reserved 1110016K
  class space    used 7610K, capacity 7933K, committed 8060K, reserved 1048576K
}
Event: 87.441 GC heap before
{Heap before GC invocations=49 (full 0):
 garbage-first heap   total 136192K, used 91005K [0x00000000c2a00000, 0x0000000100000000)
  region size 1024K, 9 young (9216K), 1 survivors (1024K)
 Metaspace       used 67116K, capacity 67879K, committed 68124K, reserved 1110016K
  class space    used 7610K, capacity 7933K, committed 8060K, reserved 1048576K
}
Event: 87.446 GC heap after
{Heap after GC invocations=50 (full 0):
 garbage-first heap   total 136192K, used 82887K [0x00000000c2a00000, 0x0000000100000000)
  region size 1024K, 1 young (1024K), 1 survivors (1024K)
 Metaspace       used 67116K, capacity 67879K, committed 68124K, reserved 1110016K
  class space    used 7610K, capacity 7933K, committed 8060K, reserved 1048576K
}
Event: 87.689 GC heap before
{Heap before GC invocations=51 (full 0):
 garbage-first heap   total 136192K, used 92103K [0x00000000c2a00000, 0x0000000100000000)
  region size 1024K, 10 young (10240K), 1 survivors (1024K)
 Metaspace       used 67166K, capacity 67943K, committed 68124K, reserved 1110016K
  class space    used 7610K, capacity 7933K, committed 8060K, reserved 1048576K
}
Event: 87.698 GC heap after
{Heap after GC invocations=52 (full 0):
 garbage-first heap   total 202752K, used 83005K [0x00000000c2a00000, 0x0000000100000000)
  region size 1024K, 1 young (1024K), 1 survivors (1024K)
 Metaspace       used 67166K, capacity 67943K, committed 68124K, reserved 1110016K
  class space    used 7610K, capacity 7933K, committed 8060K, reserved 1048576K
}
Event: 88.654 GC heap before
{Heap before GC invocations=52 (full 0):
 garbage-first heap   total 202752K, used 95293K [0x00000000c2a00000, 0x0000000100000000)
  region size 1024K, 13 young (13312K), 1 survivors (1024K)
 Metaspace       used 68573K, capacity 69300K, committed 69532K, reserved 1110016K
  class space    used 7742K, capacity 8049K, committed 8188K, reserved 1048576K
}
Event: 88.669 GC heap after
{Heap after GC invocations=53 (full 0):
 garbage-first heap   total 202752K, used 83628K [0x00000000c2a00000, 0x0000000100000000)
  region size 1024K, 2 young (2048K), 2 survivors (2048K)
 Metaspace       used 68573K, capacity 69300K, committed 69532K, reserved 1110016K
  class space    used 7742K, capacity 8049K, committed 8188K, reserved 1048576K
}
Event: 89.643 GC heap before
{Heap before GC invocations=53 (full 0):
 garbage-first heap   total 202752K, used 96940K [0x00000000c2a00000, 0x0000000100000000)
  region size 1024K, 16 young (16384K), 2 survivors (2048K)
 Metaspace       used 71497K, capacity 72249K, committed 72348K, reserved 1114112K
  class space    used 8033K, capacity 8350K, committed 8444K, reserved 1048576K
}
Event: 89.657 GC heap after
{Heap after GC invocations=54 (full 0):
 garbage-first heap   total 202752K, used 84204K [0x00000000c2a00000, 0x0000000100000000)
  region size 1024K, 2 young (2048K), 2 survivors (2048K)
 Metaspace       used 71497K, capacity 72249K, committed 72348K, reserved 1114112K
  class space    used 8033K, capacity 8350K, committed 8444K, reserved 1048576K
}

Deoptimization events (20 events):
Event: 93.809 Thread 0x0000025d2448a800 Uncommon trap: trap_request=0xffffff4d fr.pc=0x0000025d2ff7f9b0 relative=0x00000000000010b0
Event: 93.809 Thread 0x0000025d2448a800 Uncommon trap: reason=unstable_if action=reinterpret pc=0x0000025d2ff7f9b0 method=org.jetbrains.kotlin.metadata.ProtoBuf$Type.writeTo(Lorg/jetbrains/kotlin/protobuf/CodedOutputStream;)V @ 98 c2
Event: 93.809 Thread 0x0000025d2448a800 DEOPT PACKING pc=0x0000025d2ff7f9b0 sp=0x000000ea7f3fc960
Event: 93.809 Thread 0x0000025d2448a800 DEOPT UNPACKING pc=0x0000025d27fb65af sp=0x000000ea7f3fc928 mode 2
Event: 94.240 Thread 0x0000025d2448a800 Uncommon trap: trap_request=0xffffffde fr.pc=0x0000025d3006e628 relative=0x0000000000000268
Event: 94.240 Thread 0x0000025d2448a800 Uncommon trap: reason=class_check action=maybe_recompile pc=0x0000025d3006e628 method=org.jetbrains.kotlin.resolve.MemberComparator$NameAndTypeMemberComparator.getDeclarationPriority(Lorg/jetbrains/kotlin/descriptors/DeclarationDescriptor;)I @ 28 c2
Event: 94.240 Thread 0x0000025d2448a800 DEOPT PACKING pc=0x0000025d3006e628 sp=0x000000ea7f3fdd10
Event: 94.240 Thread 0x0000025d2448a800 DEOPT UNPACKING pc=0x0000025d27fb65af sp=0x000000ea7f3fdca8 mode 2
Event: 94.240 Thread 0x0000025d2448a800 Uncommon trap: trap_request=0xffffffde fr.pc=0x0000025d3006e628 relative=0x0000000000000268
Event: 94.240 Thread 0x0000025d2448a800 Uncommon trap: reason=class_check action=maybe_recompile pc=0x0000025d3006e628 method=org.jetbrains.kotlin.resolve.MemberComparator$NameAndTypeMemberComparator.getDeclarationPriority(Lorg/jetbrains/kotlin/descriptors/DeclarationDescriptor;)I @ 28 c2
Event: 94.240 Thread 0x0000025d2448a800 DEOPT PACKING pc=0x0000025d3006e628 sp=0x000000ea7f3fdd10
Event: 94.240 Thread 0x0000025d2448a800 DEOPT UNPACKING pc=0x0000025d27fb65af sp=0x000000ea7f3fdca8 mode 2
Event: 94.240 Thread 0x0000025d2448a800 Uncommon trap: trap_request=0xffffffde fr.pc=0x0000025d3006e628 relative=0x0000000000000268
Event: 94.240 Thread 0x0000025d2448a800 Uncommon trap: reason=class_check action=maybe_recompile pc=0x0000025d3006e628 method=org.jetbrains.kotlin.resolve.MemberComparator$NameAndTypeMemberComparator.getDeclarationPriority(Lorg/jetbrains/kotlin/descriptors/DeclarationDescriptor;)I @ 28 c2
Event: 94.240 Thread 0x0000025d2448a800 DEOPT PACKING pc=0x0000025d3006e628 sp=0x000000ea7f3fdd10
Event: 94.240 Thread 0x0000025d2448a800 DEOPT UNPACKING pc=0x0000025d27fb65af sp=0x000000ea7f3fdca8 mode 2
Event: 94.240 Thread 0x0000025d2448a800 Uncommon trap: trap_request=0xffffffde fr.pc=0x0000025d3006e628 relative=0x0000000000000268
Event: 94.240 Thread 0x0000025d2448a800 Uncommon trap: reason=class_check action=maybe_recompile pc=0x0000025d3006e628 method=org.jetbrains.kotlin.resolve.MemberComparator$NameAndTypeMemberComparator.getDeclarationPriority(Lorg/jetbrains/kotlin/descriptors/DeclarationDescriptor;)I @ 28 c2
Event: 94.240 Thread 0x0000025d2448a800 DEOPT PACKING pc=0x0000025d3006e628 sp=0x000000ea7f3fdd10
Event: 94.240 Thread 0x0000025d2448a800 DEOPT UNPACKING pc=0x0000025d27fb65af sp=0x000000ea7f3fdca8 mode 2

Classes redefined (0 events):
No events

Internal exceptions (20 events):
Event: 36.648 Thread 0x0000025d2448a800 Exception <a 'java/lang/NoSuchMethodError'{0x00000000c6ba4e70}: 'void java.lang.invoke.DirectMethodHandle$Holder.invokeStatic(java.lang.Object, java.lang.Object, java.lang.Object, java.lang.Object)'> (0x00000000c6ba4e70) thrown at [./src/hotspot/share/interpreter/linkResolver.cpp, line 773]
Event: 45.661 Thread 0x0000025d2448a800 Implicit null exception at 0x0000025d2fc57cee to 0x0000025d2fc5ba4c
Event: 47.697 Thread 0x0000025d2448a800 Implicit null exception at 0x0000025d2fd2f5fb to 0x0000025d2fd2fa50
Event: 47.979 Thread 0x0000025d2448a800 Implicit null exception at 0x0000025d2faab55e to 0x0000025d2faabcca
Event: 47.980 Thread 0x0000025d2448a800 Implicit null exception at 0x0000025d2fabb02f to 0x0000025d2fabb09d
Event: 51.146 Thread 0x0000025d2448a800 Exception <a 'java/lang/NoSuchMethodError'{0x00000000c919fbe0}: 'java.lang.Object java.lang.invoke.DirectMethodHandle$Holder.invokeInterface(java.lang.Object, java.lang.Object, java.lang.Object)'> (0x00000000c919fbe0) thrown at [./src/hotspot/share/interpreter/linkResolver.cpp, line 773]
Event: 51.146 Thread 0x0000025d2448a800 Exception <a 'java/lang/IncompatibleClassChangeError'{0x00000000c91a30b8}: Found class java.lang.Object, but interface was expected> (0x00000000c91a30b8) thrown at [./src/hotspot/share/interpreter/linkResolver.cpp, line 839]
Event: 52.306 Thread 0x0000025d2448a800 Implicit null exception at 0x0000025d2fa68bf7 to 0x0000025d2fa69158
Event: 52.401 Thread 0x0000025d2448a800 Implicit null exception at 0x0000025d2fa6d874 to 0x0000025d2fa6ddf4
Event: 56.310 Thread 0x0000025d2448a800 Implicit null exception at 0x0000025d2fddb904 to 0x0000025d2fddeeb8
Event: 57.594 Thread 0x0000025d2448a800 Implicit null exception at 0x0000025d2fcecf3e to 0x0000025d2fcee3a8
Event: 58.087 Thread 0x0000025d2448a800 Implicit null exception at 0x0000025d2fcb9e7b to 0x0000025d2fcba104
Event: 86.717 Thread 0x0000025d2448a800 Implicit null exception at 0x0000025d2faa8875 to 0x0000025d2faa8a3c
Event: 86.810 Thread 0x0000025d2448a800 Implicit null exception at 0x0000025d2fb099ec to 0x0000025d2fb09a4a
Event: 88.702 Thread 0x0000025d2448a800 Implicit null exception at 0x0000025d2fb68f52 to 0x0000025d2fb6929f
Event: 89.860 Thread 0x0000025d2448a800 Exception <a 'java/lang/NoSuchMethodError'{0x00000000ced0c628}: 'java.lang.Object java.lang.invoke.DirectMethodHandle$Holder.invokeStatic(java.lang.Object, java.lang.Object, java.lang.Object, int, int, java.lang.Object, java.lang.Object, java.lang.Object, java.lang.Object)'> (0x00000000ced0c628) thrown at [./src/hotspot/share/interpreter/linkResolver.cpp, line 773]
Event: 89.883 Thread 0x0000025d2448a800 Implicit null exception at 0x0000025d2fc6be31 to 0x0000025d2fc6c1cc
Event: 89.883 Thread 0x0000025d2448a800 Implicit null exception at 0x0000025d2fc62675 to 0x0000025d2fc62848
Event: 93.824 Thread 0x0000025d2448a800 Exception <a 'java/lang/NoSuchMethodError'{0x00000000cebbb130}: 'java.lang.Object java.lang.invoke.DirectMethodHandle$Holder.invokeSpecial(java.lang.Object, java.lang.Object, java.lang.Object, java.lang.Object, java.lang.Object, java.lang.Object, java.lang.Object, java.lang.Object, java.lang.Object, java.lang.Object, java.lang.Object)'> (0x00000000cebbb130) thrown at [./src/hotspot/share/interpreter/linkResolver.cpp, line 773]
Event: 93.828 Thread 0x0000025d2448a800 Exception <a 'java/lang/NoSuchMethodError'{0x00000000cebc82f8}: 'java.lang.Object java.lang.invoke.Invokers$Holder.linkToTargetMethod(java.lang.Object, java.lang.Object, java.lang.Object, java.lang.Object, java.lang.Object, java.lang.Object, java.lang.Object, java.lang.Object, java.lang.Object, java.lang.Object)'> (0x00000000cebc82f8) thrown at [./src/hotspot/share/interpreter/linkResolver.cpp, line 773]

Events (20 events):
Event: 94.247 loading class org/jetbrains/kotlin/metadata/jvm/JvmProtoBuf$JvmFieldSignature$Builder
Event: 94.247 loading class org/jetbrains/kotlin/metadata/jvm/JvmProtoBuf$JvmFieldSignature$Builder done
Event: 94.253 loading class org/jetbrains/kotlin/backend/common/CodegenUtil$getMemberDeclarationsToGenerate$declarations$1
Event: 94.253 loading class org/jetbrains/kotlin/backend/common/CodegenUtil$getMemberDeclarationsToGenerate$declarations$1 done
Event: 94.256 loading class org/jetbrains/kotlin/backend/common/output/SimpleOutputFileCollection
Event: 94.256 loading class org/jetbrains/kotlin/backend/common/output/SimpleOutputFileCollection done
Event: 94.258 loading class org/jetbrains/kotlin/backend/common/output/OutputFile
Event: 94.258 loading class org/jetbrains/kotlin/backend/common/output/OutputFile done
Event: 94.258 loading class org/jetbrains/kotlin/backend/common/output/OutputFile
Event: 94.258 loading class org/jetbrains/kotlin/backend/common/output/OutputFile done
Event: 94.258 loading class org/jetbrains/kotlin/codegen/ClassFileFactory
Event: 94.258 loading class org/jetbrains/kotlin/codegen/ClassFileFactory done
Event: 94.259 loading class org/jetbrains/kotlin/codegen/ClassFileFactory$OutputClassFile
Event: 94.259 loading class org/jetbrains/kotlin/codegen/ClassFileFactory$OutputClassFile done
Event: 94.260 loading class org/jetbrains/kotlin/cli/common/output/OutputUtilsKt
Event: 94.260 loading class org/jetbrains/kotlin/cli/common/output/OutputUtilsKt done
Event: 94.260 loading class org/jetbrains/org/objectweb/asm/Handler
Event: 94.260 loading class org/jetbrains/org/objectweb/asm/Handler done
Event: 94.304 loading class java/io/FileOutputStream$1
Event: 94.305 loading class java/io/FileOutputStream$1 done


Dynamic libraries:
0x00007ff6196a0000 - 0x00007ff6196aa000 	C:\Program Files\Android\Android Studio\jre\bin\java.exe
0x00007ffc9b430000 - 0x00007ffc9b627000 	C:\Windows\SYSTEM32\ntdll.dll
0x00007ffc9a100000 - 0x00007ffc9a1bd000 	C:\Windows\System32\KERNEL32.DLL
0x00007ffc98ea0000 - 0x00007ffc9916d000 	C:\Windows\System32\KERNELBASE.dll
0x00007ffc98d00000 - 0x00007ffc98e00000 	C:\Windows\System32\ucrtbase.dll
0x00007ffc8b490000 - 0x00007ffc8b4a7000 	C:\Program Files\Android\Android Studio\jre\bin\VCRUNTIME140.dll
0x00007ffc92f60000 - 0x00007ffc92f79000 	C:\Program Files\Android\Android Studio\jre\bin\jli.dll
0x00007ffc9a790000 - 0x00007ffc9a930000 	C:\Windows\System32\USER32.dll
0x00007ffc8e0e0000 - 0x00007ffc8e37a000 	C:\Windows\WinSxS\amd64_microsoft.windows.common-controls_6595b64144ccf1df_6.0.19041.1110_none_60b5254171f9507e\COMCTL32.dll
0x00007ffc99200000 - 0x00007ffc99222000 	C:\Windows\System32\win32u.dll
0x00007ffc9af50000 - 0x00007ffc9afee000 	C:\Windows\System32\msvcrt.dll
0x00007ffc9a290000 - 0x00007ffc9a2ba000 	C:\Windows\System32\GDI32.dll
0x00007ffc98b50000 - 0x00007ffc98c5b000 	C:\Windows\System32\gdi32full.dll
0x00007ffc98e00000 - 0x00007ffc98e9d000 	C:\Windows\System32\msvcp_win.dll
0x00007ffc9aff0000 - 0x00007ffc9b020000 	C:\Windows\System32\IMM32.DLL
0x00007ffc859e0000 - 0x00007ffc85a7d000 	C:\Program Files\Android\Android Studio\jre\bin\msvcp140.dll
0x00007ffc3e990000 - 0x00007ffc3f465000 	C:\Program Files\Android\Android Studio\jre\bin\server\jvm.dll
0x00007ffc99730000 - 0x00007ffc997de000 	C:\Windows\System32\ADVAPI32.dll
0x00007ffc99490000 - 0x00007ffc9952c000 	C:\Windows\System32\sechost.dll
0x00007ffc99600000 - 0x00007ffc99725000 	C:\Windows\System32\RPCRT4.dll
0x00007ffc9b380000 - 0x00007ffc9b388000 	C:\Windows\System32\PSAPI.DLL
0x00007ffc92ac0000 - 0x00007ffc92ac9000 	C:\Windows\SYSTEM32\WSOCK32.dll
0x00007ffc9ab70000 - 0x00007ffc9abdb000 	C:\Windows\System32\WS2_32.dll
0x00007ffc8e380000 - 0x00007ffc8e3a7000 	C:\Windows\SYSTEM32\WINMM.dll
0x00007ffc8eb20000 - 0x00007ffc8eb2a000 	C:\Windows\SYSTEM32\VERSION.dll
0x00007ffc96a50000 - 0x00007ffc96a62000 	C:\Windows\SYSTEM32\kernel.appcore.dll
0x00007ffc858e0000 - 0x00007ffc858f1000 	C:\Program Files\Android\Android Studio\jre\bin\verify.dll
0x00007ffc921d0000 - 0x00007ffc923b4000 	C:\Windows\SYSTEM32\DBGHELP.DLL
0x00007ffc92130000 - 0x00007ffc9215c000 	C:\Windows\SYSTEM32\dbgcore.DLL
0x00007ffc99170000 - 0x00007ffc991f2000 	C:\Windows\System32\bcryptPrimitives.dll
0x00007ffc85200000 - 0x00007ffc85229000 	C:\Program Files\Android\Android Studio\jre\bin\java.dll
0x00007ffc92710000 - 0x00007ffc9271b000 	C:\Program Files\Android\Android Studio\jre\bin\jimage.dll
0x00007ffc85680000 - 0x00007ffc85698000 	C:\Program Files\Android\Android Studio\jre\bin\zip.dll
0x00007ffc999a0000 - 0x00007ffc9a0e4000 	C:\Windows\System32\SHELL32.dll
0x00007ffc96c50000 - 0x00007ffc973e4000 	C:\Windows\SYSTEM32\windows.storage.dll
0x00007ffc9b020000 - 0x00007ffc9b374000 	C:\Windows\System32\combase.dll
0x00007ffc985b0000 - 0x00007ffc985dc000 	C:\Windows\SYSTEM32\Wldp.dll
0x00007ffc9a990000 - 0x00007ffc9aa3d000 	C:\Windows\System32\SHCORE.dll
0x00007ffc9acc0000 - 0x00007ffc9ad15000 	C:\Windows\System32\shlwapi.dll
0x00007ffc98a90000 - 0x00007ffc98aaf000 	C:\Windows\SYSTEM32\profapi.dll
0x00007ffc851e0000 - 0x00007ffc851fa000 	C:\Program Files\Android\Android Studio\jre\bin\net.dll
0x00007ffc8faa0000 - 0x00007ffc8fbaa000 	C:\Windows\SYSTEM32\WINHTTP.dll
0x00007ffc98310000 - 0x00007ffc9837a000 	C:\Windows\system32\mswsock.dll
0x00007ffc850d0000 - 0x00007ffc850e4000 	C:\Program Files\Android\Android Studio\jre\bin\nio.dll

dbghelp: loaded successfully - version: 4.0.5 - missing functions: none
symbol engine: initialized successfully - sym options: 0x614 - pdb path: .;C:\Program Files\Android\Android Studio\jre\bin;C:\Windows\SYSTEM32;C:\Windows\WinSxS\amd64_microsoft.windows.common-controls_6595b64144ccf1df_6.0.19041.1110_none_60b5254171f9507e;C:\Program Files\Android\Android Studio\jre\bin\server

VM Arguments:
java_command: org.jetbrains.kotlin.cli.jvm.K2JVMCompiler @C:\Users\binda\Desktop\Mandir03\rammandir1\node_modules\react-native-screens\android\build\20220613_11664076836133605491.compiler.options
java_class_path (initial): C:\Users\binda\.gradle\caches\modules-2\files-2.1\org.jetbrains.kotlin\kotlin-compiler-embeddable\1.4.10\38c4b99d5d5362debdd9302a866730379aa2328a\kotlin-compiler-embeddable-1.4.10.jar;C:\Users\binda\.gradle\caches\modules-2\files-2.1\org.jetbrains.kotlin\kotlin-reflect\1.4.10\e2b3c6695eee6085e606d96d685396dce23a3a06\kotlin-reflect-1.4.10.jar;C:\Users\binda\.gradle\caches\modules-2\files-2.1\org.jetbrains.kotlin\kotlin-stdlib\1.4.10\ea29e063d2bbe695be13e9d044dcfb0c7add398e\kotlin-stdlib-1.4.10.jar;C:\Users\binda\.gradle\caches\modules-2\files-2.1\org.jetbrains.kotlin\kotlin-script-runtime\1.4.10\7c19d9c2001e016cd7664cebe9eea66fc04a7f4f\kotlin-script-runtime-1.4.10.jar;C:\Users\binda\.gradle\caches\modules-2\files-2.1\org.jetbrains.kotlin\kotlin-daemon-embeddable\1.4.10\dbd67f42bed28043d17d7c860b06110a00a45970\kotlin-daemon-embeddable-1.4.10.jar;C:\Users\binda\.gradle\caches\modules-2\files-2.1\org.jetbrains.intellij.deps\trove4j\1.0.20181211\216c2e14b070f334479d800987affe4054cd563f\trove4j-1.0.20181211.jar;C:\Users\binda\.gradle\caches\modules-2\files-2.1\org.jetbrains.kotlin\kotlin-stdlib-common\1.4.10\6229be3465805c99db1142ad75e6c6ddeac0b04c\kotlin-stdlib-common-1.4.10.jar;C:\Users\binda\.gradle\caches\modules-2\files-2.1\org.jetbrains\annotations\13.0\919f0dfe192fb4e063e7dacadee7f8bb9a2672a9\annotations-13.0.jar
Launcher Type: SUN_STANDARD

[Global flags]
     intx CICompilerCount                          = 3                                         {product} {ergonomic}
     uint ConcGCThreads                            = 1                                         {product} {ergonomic}
     uint G1ConcRefinementThreads                  = 4                                         {product} {ergonomic}
   size_t G1HeapRegionSize                         = 1048576                                   {product} {ergonomic}
    uintx GCDrainStackTargetSize                   = 64                                        {product} {ergonomic}
   size_t InitialHeapSize                          = 65011712                                  {product} {ergonomic}
   size_t MarkStackSize                            = 4194304                                   {product} {ergonomic}
   size_t MaxHeapSize                              = 1029701632                                {product} {ergonomic}
   size_t MaxNewSize                               = 617611264                                 {product} {ergonomic}
   size_t MinHeapDeltaBytes                        = 1048576                                   {product} {ergonomic}
    uintx NonNMethodCodeHeapSize                   = 5830732                                {pd product} {ergonomic}
    uintx NonProfiledCodeHeapSize                  = 122913754                              {pd product} {ergonomic}
    uintx ProfiledCodeHeapSize                     = 122913754                              {pd product} {ergonomic}
    uintx ReservedCodeCacheSize                    = 251658240                              {pd product} {ergonomic}
     bool SegmentedCodeCache                       = true                                      {product} {ergonomic}
     bool UseCompressedClassPointers               = true                                 {lp64_product} {ergonomic}
     bool UseCompressedOops                        = true                                 {lp64_product} {ergonomic}
     bool UseG1GC                                  = true                                      {product} {ergonomic}
     bool UseLargePagesIndividualAllocation        = false                                  {pd product} {ergonomic}

Logging:
Log output configuration:
 #0: stdout all=warning uptime,level,tags
 #1: stderr all=off uptime,level,tags

Environment Variables:
JAVA_HOME=C:\Program Files\Android\Android Studio\jre
PATH=C:\Windows\system32;C:\Windows;C:\Windows\System32\Wbem;C:\Windows\System32\WindowsPowerShell\v1.0\;C:\Windows\System32\OpenSSH\;D:\xampp\php;C:\ProgramData\ComposerSetup\bin;C:\Program Files\Git\cmd;C:\Program Files (x86)\nodejs\;C:\Program Files\Java\jdk-18.0.1.1\bin;C:\Users\binda\AppData\Local\Microsoft\WindowsApps;C:\Users\binda\AppData\Local\Programs\Microsoft VS Code\bin;C:\Users\binda\AppData\Roaming\Composer\vendor\bin;C:\Users\binda\AppData\Local\Android\Sdk\platform-tools;C:\Users\binda\AppData\Roaming\npm
USERNAME=LevonoL430
OS=Windows_NT
PROCESSOR_IDENTIFIER=Intel64 Family 6 Model 42 Stepping 7, GenuineIntel



---------------  S Y S T E M  ---------------

OS: Windows 10 , 64 bit Build 19041 (10.0.19041.1741)
OS uptime: 0 days 21:50 hours

CPU:total 4 (initial active 4) (2 cores per cpu, 2 threads per core) family 6 model 42 stepping 7 microcode 0x2f, cmov, cx8, fxsr, mmx, sse, sse2, sse3, ssse3, sse4.1, sse4.2, popcnt, avx, aes, clmul, ht, tsc, tscinvbit

Memory: 4k page, system-wide physical 3921M (261M free)
TotalPageFile size 12159M (AvailPageFile size 5M)
current process WorkingSet (physical memory assigned to process): 280M, peak: 290M
current process commit charge ("private bytes"): 419M, peak: 428M

vm_info: OpenJDK 64-Bit Server VM (11.0.11+9-b60-7590822) for windows-amd64 JRE (11.0.11+9-b60-7590822), built on Jul 29 2021 21:43:44 by "builder" with MS VC++ 14.0 (VS2015)

END.
