#
# There is insufficient memory for the Java Runtime Environment to continue.
# Native memory allocation (mmap) failed to map 65011712 bytes for Failed to commit area from 0x00000000c2a00000 to 0x00000000c6800000 of length 65011712.
# Possible reasons:
#   The system is out of physical RAM or swap space
#   The process is running with CompressedOops enabled, and the Java Heap may be blocking the growth of the native heap
# Possible solutions:
#   Reduce memory load on the system
#   Increase physical memory or swap space
#   Check if swap backing store is full
#   Decrease Java heap size (-Xmx/-Xms)
#   Decrease number of Java threads
#   Decrease Java thread stack sizes (-Xss)
#   Set larger code cache with -XX:ReservedCodeCacheSize=
# This output file may be truncated or incomplete.
#
#  Out of Memory Error (./src/hotspot/os/windows/os_windows.cpp:3301), pid=12016, tid=5440
#
# JRE version:  (11.0.11+9) (build )
# Java VM: OpenJDK 64-Bit Server VM (11.0.11+9-b60-7590822, mixed mode, sharing, tiered, compressed oops, g1 gc, windows-amd64)
# No core dump will be written. Minidumps are not enabled by default on client versions of Windows
#

---------------  S U M M A R Y ------------

Command Line: org.jetbrains.kotlin.cli.jvm.K2JVMCompiler @C:\Users\binda\Desktop\Mandir\node_modules\react-native-screens\android\build\20220618_9328009248764898450.compiler.options

Host: Intel(R) Core(TM) i5-2520M CPU @ 2.50GHz, 4 cores, 3G,  Windows 10 , 64 bit Build 19041 (10.0.19041.1741)
Time: Sat Jun 18 18:50:23 2022 India Standard Time elapsed time: 0.023572 seconds (0d 0h 0m 0s)

---------------  T H R E A D  ---------------

Current thread (0x0000016610d59800):  JavaThread "Unknown thread" [_thread_in_vm, id=5440, stack(0x0000005857900000,0x0000005857a00000)]

Stack: [0x0000005857900000,0x0000005857a00000]
Native frames: (J=compiled Java code, j=interpreted, Vv=VM code, C=native code)
V  [jvm.dll+0x5f214a]
V  [jvm.dll+0x726fb5]
V  [jvm.dll+0x7285cd]
V  [jvm.dll+0x728c83]
V  [jvm.dll+0x243278]
V  [jvm.dll+0x5ef544]
V  [jvm.dll+0x5e4495]
V  [jvm.dll+0x2fec5b]
V  [jvm.dll+0x2febca]
V  [jvm.dll+0x2feaa2]
V  [jvm.dll+0x303986]
V  [jvm.dll+0x34c3a3]
V  [jvm.dll+0x34caa6]
V  [jvm.dll+0x34c4a3]
V  [jvm.dll+0x2d9688]
V  [jvm.dll+0x2da837]
V  [jvm.dll+0x705ba7]
V  [jvm.dll+0x70739c]
V  [jvm.dll+0x3598f9]
V  [jvm.dll+0x6e931e]
V  [jvm.dll+0x3c1c43]
V  [jvm.dll+0x3c3e81]
C  [jli.dll+0x5373]
C  [ucrtbase.dll+0x21bb2]
C  [KERNEL32.DLL+0x17034]
C  [ntdll.dll+0x52651]


---------------  P R O C E S S  ---------------

Threads class SMR info:
_java_thread_list=0x0000016610c60290, length=0, elements={
}

Java Threads: ( => current thread )

Other Threads:
  0x0000016610d72000 GCTaskThread "GC Thread#0" [stack: 0x0000005857a00000,0x0000005857b00000] [id=10660]
  0x0000016610d8c000 ConcurrentGCThread "G1 Main Marker" [stack: 0x0000005857b00000,0x0000005857c00000] [id=11112]
  0x0000016610d8e800 ConcurrentGCThread "G1 Conc#0" [stack: 0x0000005857c00000,0x0000005857d00000] [id=3188]

[error occurred during error reporting (printing all threads), id 0xc0000005, EXCEPTION_ACCESS_VIOLATION (0xc0000005) at pc=0x00007ffd3a539c47]

VM state:not at safepoint (not fully initialized)

VM Mutex/Monitor currently owned by a thread:  ([mutex/lock_event])
[0x0000016610d56ca0] Heap_lock - owner thread: 0x0000016610d59800

Heap address: 0x00000000c2a00000, size: 982 MB, Compressed Oops mode: Non-zero based: 0x00000000c2a00000
Narrow klass base: 0x0000000000000000, Narrow klass shift: 0

GC Heap History (0 events):
No events

Deoptimization events (0 events):
No events

Classes redefined (0 events):
No events

Internal exceptions (0 events):
No events

Events (1 events):
Event: 0.014 Loaded shared library C:\Program Files\Android\Android Studio\jre\bin\zip.dll


Dynamic libraries:
0x00007ff745550000 - 0x00007ff74555a000 	C:\Program Files\Android\Android Studio\jre\bin\java.exe
0x00007ffd95fd0000 - 0x00007ffd961c7000 	C:\Windows\SYSTEM32\ntdll.dll
0x00007ffd94030000 - 0x00007ffd940ed000 	C:\Windows\System32\KERNEL32.DLL
0x00007ffd93aa0000 - 0x00007ffd93d6d000 	C:\Windows\System32\KERNELBASE.dll
0x00007ffd93da0000 - 0x00007ffd93ea0000 	C:\Windows\System32\ucrtbase.dll
0x00007ffd44af0000 - 0x00007ffd44b09000 	C:\Program Files\Android\Android Studio\jre\bin\jli.dll
0x00007ffd94b80000 - 0x00007ffd94d20000 	C:\Windows\System32\USER32.dll
0x00007ffd93d70000 - 0x00007ffd93d92000 	C:\Windows\System32\win32u.dll
0x00007ffd95e90000 - 0x00007ffd95eba000 	C:\Windows\System32\GDI32.dll
0x00007ffd936f0000 - 0x00007ffd937fb000 	C:\Windows\System32\gdi32full.dll
0x00007ffd93830000 - 0x00007ffd938cd000 	C:\Windows\System32\msvcp_win.dll
0x00007ffd686d0000 - 0x00007ffd686e7000 	C:\Program Files\Android\Android Studio\jre\bin\VCRUNTIME140.dll
0x00007ffd86a00000 - 0x00007ffd86c9a000 	C:\Windows\WinSxS\amd64_microsoft.windows.common-controls_6595b64144ccf1df_6.0.19041.1110_none_60b5254171f9507e\COMCTL32.dll
0x00007ffd95df0000 - 0x00007ffd95e8e000 	C:\Windows\System32\msvcrt.dll
0x00007ffd954c0000 - 0x00007ffd954f0000 	C:\Windows\System32\IMM32.DLL
0x00007ffd3b640000 - 0x00007ffd3b6dd000 	C:\Program Files\Android\Android Studio\jre\bin\msvcp140.dll
0x00007ffd3a250000 - 0x00007ffd3ad25000 	C:\Program Files\Android\Android Studio\jre\bin\server\jvm.dll
0x00007ffd95ec0000 - 0x00007ffd95f6e000 	C:\Windows\System32\ADVAPI32.dll
0x00007ffd953c0000 - 0x00007ffd9545c000 	C:\Windows\System32\sechost.dll
0x00007ffd94270000 - 0x00007ffd94395000 	C:\Windows\System32\RPCRT4.dll
0x00007ffd94b70000 - 0x00007ffd94b78000 	C:\Windows\System32\PSAPI.DLL
0x00007ffd7c760000 - 0x00007ffd7c769000 	C:\Windows\SYSTEM32\WSOCK32.dll
0x00007ffd940f0000 - 0x00007ffd9415b000 	C:\Windows\System32\WS2_32.dll
0x00007ffd87050000 - 0x00007ffd87077000 	C:\Windows\SYSTEM32\WINMM.dll
0x00007ffd90ee0000 - 0x00007ffd90eea000 	C:\Windows\SYSTEM32\VERSION.dll
0x00007ffd915f0000 - 0x00007ffd91602000 	C:\Windows\SYSTEM32\kernel.appcore.dll
0x00007ffd3d020000 - 0x00007ffd3d031000 	C:\Program Files\Android\Android Studio\jre\bin\verify.dll
0x00007ffd8eb00000 - 0x00007ffd8ece4000 	C:\Windows\SYSTEM32\DBGHELP.DLL
0x00007ffd852e0000 - 0x00007ffd8530c000 	C:\Windows\SYSTEM32\dbgcore.DLL
0x00007ffd93f50000 - 0x00007ffd93fd2000 	C:\Windows\System32\bcryptPrimitives.dll
0x00007ffd3cff0000 - 0x00007ffd3d019000 	C:\Program Files\Android\Android Studio\jre\bin\java.dll
0x00007ffd76b70000 - 0x00007ffd76b7b000 	C:\Program Files\Android\Android Studio\jre\bin\jimage.dll
0x00007ffd3b620000 - 0x00007ffd3b638000 	C:\Program Files\Android\Android Studio\jre\bin\zip.dll

dbghelp: loaded successfully - version: 4.0.5 - missing functions: none
symbol engine: initialized successfully - sym options: 0x614 - pdb path: .;C:\Program Files\Android\Android Studio\jre\bin;C:\Windows\SYSTEM32;C:\Windows\WinSxS\amd64_microsoft.windows.common-controls_6595b64144ccf1df_6.0.19041.1110_none_60b5254171f9507e;C:\Program Files\Android\Android Studio\jre\bin\server

VM Arguments:
java_command: org.jetbrains.kotlin.cli.jvm.K2JVMCompiler @C:\Users\binda\Desktop\Mandir\node_modules\react-native-screens\android\build\20220618_9328009248764898450.compiler.options
java_class_path (initial): C:\Users\binda\.gradle\caches\modules-2\files-2.1\org.jetbrains.kotlin\kotlin-compiler-embeddable\1.4.10\38c4b99d5d5362debdd9302a866730379aa2328a\kotlin-compiler-embeddable-1.4.10.jar;C:\Users\binda\.gradle\caches\modules-2\files-2.1\org.jetbrains.kotlin\kotlin-reflect\1.4.10\e2b3c6695eee6085e606d96d685396dce23a3a06\kotlin-reflect-1.4.10.jar;C:\Users\binda\.gradle\caches\modules-2\files-2.1\org.jetbrains.kotlin\kotlin-stdlib\1.4.10\ea29e063d2bbe695be13e9d044dcfb0c7add398e\kotlin-stdlib-1.4.10.jar;C:\Users\binda\.gradle\caches\modules-2\files-2.1\org.jetbrains.kotlin\kotlin-script-runtime\1.4.10\7c19d9c2001e016cd7664cebe9eea66fc04a7f4f\kotlin-script-runtime-1.4.10.jar;C:\Users\binda\.gradle\caches\modules-2\files-2.1\org.jetbrains.kotlin\kotlin-daemon-embeddable\1.4.10\dbd67f42bed28043d17d7c860b06110a00a45970\kotlin-daemon-embeddable-1.4.10.jar;C:\Users\binda\.gradle\caches\modules-2\files-2.1\org.jetbrains.intellij.deps\trove4j\1.0.20181211\216c2e14b070f334479d800987affe4054cd563f\trove4j-1.0.20181211.jar;C:\Users\binda\.gradle\caches\modules-2\files-2.1\org.jetbrains.kotlin\kotlin-stdlib-common\1.4.10\6229be3465805c99db1142ad75e6c6ddeac0b04c\kotlin-stdlib-common-1.4.10.jar;C:\Users\binda\.gradle\caches\modules-2\files-2.1\org.jetbrains\annotations\13.0\919f0dfe192fb4e063e7dacadee7f8bb9a2672a9\annotations-13.0.jar
Launcher Type: SUN_STANDARD

[Global flags]
     intx CICompilerCount                          = 3                                         {product} {ergonomic}
     uint ConcGCThreads                            = 1                                         {product} {ergonomic}
     uint G1ConcRefinementThreads                  = 4                                         {product} {ergonomic}
   size_t G1HeapRegionSize                         = 1048576                                   {product} {ergonomic}
    uintx GCDrainStackTargetSize                   = 64                                        {product} {ergonomic}
   size_t InitialHeapSize                          = 65011712                                  {product} {ergonomic}
   size_t MarkStackSize                            = 4194304                                   {product} {ergonomic}
   size_t MaxHeapSize                              = 1029701632                                {product} {ergonomic}
   size_t MinHeapDeltaBytes                        = 1048576                                   {product} {ergonomic}
    uintx NonNMethodCodeHeapSize                   = 5830732                                {pd product} {ergonomic}
    uintx NonProfiledCodeHeapSize                  = 122913754                              {pd product} {ergonomic}
    uintx ProfiledCodeHeapSize                     = 122913754                              {pd product} {ergonomic}
    uintx ReservedCodeCacheSize                    = 251658240                              {pd product} {ergonomic}
     bool SegmentedCodeCache                       = true                                      {product} {ergonomic}
     bool UseCompressedClassPointers               = true                                 {lp64_product} {ergonomic}
     bool UseCompressedOops                        = true                                 {lp64_product} {ergonomic}
     bool UseG1GC                                  = true                                      {product} {ergonomic}
     bool UseLargePagesIndividualAllocation        = false                                  {pd product} {ergonomic}

Logging:
Log output configuration:
 #0: stdout all=warning uptime,level,tags
 #1: stderr all=off uptime,level,tags

Environment Variables:
JAVA_HOME=C:\Program Files\Android\Android Studio\jre
PATH=C:\Windows\system32;C:\Windows;C:\Windows\System32\Wbem;C:\Windows\System32\WindowsPowerShell\v1.0\;C:\Windows\System32\OpenSSH\;D:\xampp\php;C:\ProgramData\ComposerSetup\bin;C:\Program Files\Git\cmd;C:\Program Files (x86)\nodejs\;C:\Program Files\Java\jdk-18.0.1.1\bin;C:\Users\binda\AppData\Local\Microsoft\WindowsApps;C:\Users\binda\AppData\Local\Programs\Microsoft VS Code\bin;C:\Users\binda\AppData\Roaming\Composer\vendor\bin;C:\Users\binda\AppData\Local\Android\Sdk\platform-tools;C:\Users\binda\AppData\Roaming\npm
USERNAME=LevonoL430
OS=Windows_NT
PROCESSOR_IDENTIFIER=Intel64 Family 6 Model 42 Stepping 7, GenuineIntel



---------------  S Y S T E M  ---------------

OS: Windows 10 , 64 bit Build 19041 (10.0.19041.1741)
OS uptime: 0 days 8:17 hours

CPU:total 4 (initial active 4) (2 cores per cpu, 2 threads per core) family 6 model 42 stepping 7 microcode 0x2f, cmov, cx8, fxsr, mmx, sse, sse2, sse3, ssse3, sse4.1, sse4.2, popcnt, avx, aes, clmul, ht, tsc, tscinvbit

Memory: 4k page, system-wide physical 3921M (455M free)
TotalPageFile size 11134M (AvailPageFile size 48M)
current process WorkingSet (physical memory assigned to process): 9M, peak: 9M
current process commit charge ("private bytes"): 51M, peak: 113M

vm_info: OpenJDK 64-Bit Server VM (11.0.11+9-b60-7590822) for windows-amd64 JRE (11.0.11+9-b60-7590822), built on Jul 29 2021 21:43:44 by "builder" with MS VC++ 14.0 (VS2015)

END.
