#
# There is insufficient memory for the Java Runtime Environment to continue.
# Native memory allocation (malloc) failed to allocate 1797776 bytes for Chunk::new
# Possible reasons:
#   The system is out of physical RAM or swap space
#   The process is running with CompressedOops enabled, and the Java Heap may be blocking the growth of the native heap
# Possible solutions:
#   Reduce memory load on the system
#   Increase physical memory or swap space
#   Check if swap backing store is full
#   Decrease Java heap size (-Xmx/-Xms)
#   Decrease number of Java threads
#   Decrease Java thread stack sizes (-Xss)
#   Set larger code cache with -XX:ReservedCodeCacheSize=
#   JVM is running with Unscaled Compressed Oops mode in which the Java heap is
#     placed in the first 4GB address space. The Java Heap base address is the
#     maximum limit for the native heap growth. Please use -XX:HeapBaseMinAddress
#     to set the Java Heap base and to place the Java Heap above 4GB virtual address.
# This output file may be truncated or incomplete.
#
#  Out of Memory Error (./src/hotspot/share/memory/arena.cpp:197), pid=11244, tid=10620
#
# JRE version: OpenJDK Runtime Environment (11.0.11+9) (build 11.0.11+9-b60-7590822)
# Java VM: OpenJDK 64-Bit Server VM (11.0.11+9-b60-7590822, mixed mode, tiered, compressed oops, g1 gc, windows-amd64)
# No core dump will be written. Minidumps are not enabled by default on client versions of Windows
#

---------------  S U M M A R Y ------------

Command Line: org.jetbrains.kotlin.cli.jvm.K2JVMCompiler @C:\Users\binda\Desktop\Mandir\node_modules\react-native-safe-area-context\android\build\20220618_2553551636538808606.compiler.options

Host: Intel(R) Core(TM) i5-2520M CPU @ 2.50GHz, 4 cores, 3G,  Windows 10 , 64 bit Build 19041 (10.0.19041.1741)
Time: Sat Jun 18 18:50:11 2022 India Standard Time elapsed time: 6.874291 seconds (0d 0h 0m 6s)

---------------  T H R E A D  ---------------

Current thread (0x0000020e6f0e7800):  JavaThread "C2 CompilerThread0" daemon [_thread_in_native, id=10620, stack(0x000000e63b500000,0x000000e63b600000)]


Current CompileTask:
C2:   6874 2932       4       java.lang.ClassLoader::loadClass (7 bytes)

Stack: [0x000000e63b500000,0x000000e63b600000]
Native frames: (J=compiled Java code, j=interpreted, Vv=VM code, C=native code)
V  [jvm.dll+0x5f214a]
V  [jvm.dll+0x726fb5]
V  [jvm.dll+0x7285cd]
V  [jvm.dll+0x728c83]
V  [jvm.dll+0x243278]
V  [jvm.dll+0xbc53c]
V  [jvm.dll+0xbca3c]
V  [jvm.dll+0x353e3b]
V  [jvm.dll+0x19875c]
V  [jvm.dll+0x1fc2ee]
V  [jvm.dll+0x1fb3d4]
V  [jvm.dll+0x183d6c]
V  [jvm.dll+0x209a57]
V  [jvm.dll+0x2082a1]
V  [jvm.dll+0x6ef58f]
V  [jvm.dll+0x6e80b5]
V  [jvm.dll+0x5f1036]
C  [ucrtbase.dll+0x21bb2]
C  [KERNEL32.DLL+0x17034]
C  [ntdll.dll+0x52651]


---------------  P R O C E S S  ---------------

Threads class SMR info:
_java_thread_list=0x0000020e6f34aff0, length=10, elements={
0x0000020e56d09000, 0x0000020e6f077000, 0x0000020e6f078800, 0x0000020e6f092800,
0x0000020e6f094800, 0x0000020e6f095800, 0x0000020e6f0e7800, 0x0000020e6f0eb800,
0x0000020e6f0ef000, 0x0000020e6f356000
}

Java Threads: ( => current thread )
  0x0000020e56d09000 JavaThread "main" [_thread_in_Java, id=6536, stack(0x000000e63a900000,0x000000e63aa00000)]
  0x0000020e6f077000 JavaThread "Reference Handler" daemon [_thread_blocked, id=12528, stack(0x000000e63b000000,0x000000e63b100000)]
  0x0000020e6f078800 JavaThread "Finalizer" daemon [_thread_blocked, id=9468, stack(0x000000e63b100000,0x000000e63b200000)]
  0x0000020e6f092800 JavaThread "Signal Dispatcher" daemon [_thread_blocked, id=3012, stack(0x000000e63b200000,0x000000e63b300000)]
  0x0000020e6f094800 JavaThread "Attach Listener" daemon [_thread_blocked, id=5836, stack(0x000000e63b300000,0x000000e63b400000)]
  0x0000020e6f095800 JavaThread "Service Thread" daemon [_thread_blocked, id=13688, stack(0x000000e63b400000,0x000000e63b500000)]
=>0x0000020e6f0e7800 JavaThread "C2 CompilerThread0" daemon [_thread_in_native, id=10620, stack(0x000000e63b500000,0x000000e63b600000)]
  0x0000020e6f0eb800 JavaThread "C1 CompilerThread0" daemon [_thread_blocked, id=804, stack(0x000000e63b600000,0x000000e63b700000)]
  0x0000020e6f0ef000 JavaThread "Sweeper thread" daemon [_thread_blocked, id=6764, stack(0x000000e63b700000,0x000000e63b800000)]
  0x0000020e6f356000 JavaThread "Common-Cleaner" daemon [_thread_blocked, id=12868, stack(0x000000e63b900000,0x000000e63ba00000)]

Other Threads:
  0x0000020e6f04f800 VMThread "VM Thread" [stack: 0x000000e63af00000,0x000000e63b000000] [id=14188]
  0x0000020e6f34d800 WatcherThread [stack: 0x000000e63b800000,0x000000e63b900000] [id=2804]
  0x0000020e56d21000 GCTaskThread "GC Thread#0" [stack: 0x000000e63aa00000,0x000000e63ab00000] [id=14744]
  0x0000020e6f6ba800 GCTaskThread "GC Thread#1" [stack: 0x000000e63ba00000,0x000000e63bb00000] [id=8244]
  0x0000020e56d3b800 ConcurrentGCThread "G1 Main Marker" [stack: 0x000000e63ab00000,0x000000e63ac00000] [id=8220]
  0x0000020e56d3d000 ConcurrentGCThread "G1 Conc#0" [stack: 0x000000e63ac00000,0x000000e63ad00000] [id=15244]
  0x0000020e56d87000 ConcurrentGCThread "G1 Refine#0" [stack: 0x000000e63ad00000,0x000000e63ae00000] [id=8924]
  0x0000020e56d88800 ConcurrentGCThread "G1 Young RemSet Sampling" [stack: 0x000000e63ae00000,0x000000e63af00000] [id=4496]

Threads with active compile tasks:
C2 CompilerThread0   6912 2932       4       java.lang.ClassLoader::loadClass (7 bytes)

VM state:not at safepoint (normal execution)

VM Mutex/Monitor currently owned by a thread: None

Heap address: 0x00000000c2a00000, size: 982 MB, Compressed Oops mode: 32-bit
Narrow klass base: 0x0000000000000000, Narrow klass shift: 3
Compressed class space size: 1073741824 Address: 0x0000000100000000

Heap:
 garbage-first heap   total 77824K, used 46622K [0x00000000c2a00000, 0x0000000100000000)
  region size 1024K, 28 young (28672K), 4 survivors (4096K)
 Metaspace       used 45253K, capacity 45797K, committed 46080K, reserved 1089536K
  class space    used 5341K, capacity 5543K, committed 5632K, reserved 1048576K
Heap Regions: E=young(eden), S=young(survivor), O=old, HS=humongous(starts), HC=humongous(continues), CS=collection set, F=free, A=archive, TAMS=top-at-mark-start (previous, next)
|   0|0x00000000c2a00000, 0x00000000c2b00000, 0x00000000c2b00000|100%|HS|  |TAMS 0x00000000c2b00000, 0x00000000c2a00000| Complete 
|   1|0x00000000c2b00000, 0x00000000c2c00000, 0x00000000c2c00000|100%|HC|  |TAMS 0x00000000c2c00000, 0x00000000c2b00000| Complete 
|   2|0x00000000c2c00000, 0x00000000c2d00000, 0x00000000c2d00000|100%|HC|  |TAMS 0x00000000c2d00000, 0x00000000c2c00000| Complete 
|   3|0x00000000c2d00000, 0x00000000c2e00000, 0x00000000c2e00000|100%| O|  |TAMS 0x00000000c2e00000, 0x00000000c2d00000| Untracked 
|   4|0x00000000c2e00000, 0x00000000c2f00000, 0x00000000c2f00000|100%| O|  |TAMS 0x00000000c2f00000, 0x00000000c2e00000| Untracked 
|   5|0x00000000c2f00000, 0x00000000c3000000, 0x00000000c3000000|100%| O|  |TAMS 0x00000000c3000000, 0x00000000c2f00000| Untracked 
|   6|0x00000000c3000000, 0x00000000c3100000, 0x00000000c3100000|100%| O|  |TAMS 0x00000000c3100000, 0x00000000c3000000| Untracked 
|   7|0x00000000c3100000, 0x00000000c3200000, 0x00000000c3200000|100%| O|  |TAMS 0x00000000c3200000, 0x00000000c3100000| Untracked 
|   8|0x00000000c3200000, 0x00000000c3300000, 0x00000000c3300000|100%| O|  |TAMS 0x00000000c3300000, 0x00000000c3200000| Untracked 
|   9|0x00000000c3300000, 0x00000000c3400000, 0x00000000c3400000|100%|HS|  |TAMS 0x00000000c3400000, 0x00000000c3300000| Complete 
|  10|0x00000000c3400000, 0x00000000c3500000, 0x00000000c3500000|100%|HC|  |TAMS 0x00000000c3500000, 0x00000000c3400000| Complete 
|  11|0x00000000c3500000, 0x00000000c3600000, 0x00000000c3600000|100%|HC|  |TAMS 0x00000000c3600000, 0x00000000c3500000| Complete 
|  12|0x00000000c3600000, 0x00000000c3700000, 0x00000000c3700000|100%|HS|  |TAMS 0x00000000c3700000, 0x00000000c3600000| Complete 
|  13|0x00000000c3700000, 0x00000000c3800000, 0x00000000c3800000|100%|HC|  |TAMS 0x00000000c3800000, 0x00000000c3700000| Complete 
|  14|0x00000000c3800000, 0x00000000c3900000, 0x00000000c3900000|100%| O|  |TAMS 0x00000000c3900000, 0x00000000c3800000| Untracked 
|  15|0x00000000c3900000, 0x00000000c3a00000, 0x00000000c3a00000|100%| O|  |TAMS 0x00000000c3a00000, 0x00000000c3900000| Untracked 
|  16|0x00000000c3a00000, 0x00000000c3b00000, 0x00000000c3b00000|100%| O|  |TAMS 0x00000000c3b00000, 0x00000000c3a00000| Untracked 
|  17|0x00000000c3b00000, 0x00000000c3c00000, 0x00000000c3c00000|100%| O|  |TAMS 0x00000000c3c00000, 0x00000000c3b00000| Untracked 
|  18|0x00000000c3c00000, 0x00000000c3d00000, 0x00000000c3d00000|100%| O|  |TAMS 0x00000000c3d00000, 0x00000000c3c00000| Untracked 
|  19|0x00000000c3d00000, 0x00000000c3da8c00, 0x00000000c3e00000| 65%| O|  |TAMS 0x00000000c3da8c00, 0x00000000c3d00000| Untracked 
|  20|0x00000000c3e00000, 0x00000000c3e00000, 0x00000000c3f00000|  0%| F|  |TAMS 0x00000000c3e00000, 0x00000000c3e00000| Untracked 
|  21|0x00000000c3f00000, 0x00000000c3f00000, 0x00000000c4000000|  0%| F|  |TAMS 0x00000000c3f00000, 0x00000000c3f00000| Untracked 
|  22|0x00000000c4000000, 0x00000000c4000000, 0x00000000c4100000|  0%| F|  |TAMS 0x00000000c4000000, 0x00000000c4000000| Untracked 
|  23|0x00000000c4100000, 0x00000000c4100000, 0x00000000c4200000|  0%| F|  |TAMS 0x00000000c4100000, 0x00000000c4100000| Untracked 
|  24|0x00000000c4200000, 0x00000000c4200000, 0x00000000c4300000|  0%| F|  |TAMS 0x00000000c4200000, 0x00000000c4200000| Untracked 
|  25|0x00000000c4300000, 0x00000000c4300000, 0x00000000c4400000|  0%| F|  |TAMS 0x00000000c4300000, 0x00000000c4300000| Untracked 
|  26|0x00000000c4400000, 0x00000000c4400000, 0x00000000c4500000|  0%| F|  |TAMS 0x00000000c4400000, 0x00000000c4400000| Untracked 
|  27|0x00000000c4500000, 0x00000000c4500000, 0x00000000c4600000|  0%| F|  |TAMS 0x00000000c4500000, 0x00000000c4500000| Untracked 
|  28|0x00000000c4600000, 0x00000000c4600000, 0x00000000c4700000|  0%| F|  |TAMS 0x00000000c4600000, 0x00000000c4600000| Untracked 
|  29|0x00000000c4700000, 0x00000000c4700000, 0x00000000c4800000|  0%| F|  |TAMS 0x00000000c4700000, 0x00000000c4700000| Untracked 
|  30|0x00000000c4800000, 0x00000000c4800000, 0x00000000c4900000|  0%| F|  |TAMS 0x00000000c4800000, 0x00000000c4800000| Untracked 
|  31|0x00000000c4900000, 0x00000000c4900000, 0x00000000c4a00000|  0%| F|  |TAMS 0x00000000c4900000, 0x00000000c4900000| Untracked 
|  32|0x00000000c4a00000, 0x00000000c4a00000, 0x00000000c4b00000|  0%| F|  |TAMS 0x00000000c4a00000, 0x00000000c4a00000| Untracked 
|  33|0x00000000c4b00000, 0x00000000c4b00000, 0x00000000c4c00000|  0%| F|  |TAMS 0x00000000c4b00000, 0x00000000c4b00000| Untracked 
|  34|0x00000000c4c00000, 0x00000000c4c00000, 0x00000000c4d00000|  0%| F|  |TAMS 0x00000000c4c00000, 0x00000000c4c00000| Untracked 
|  35|0x00000000c4d00000, 0x00000000c4d00000, 0x00000000c4e00000|  0%| F|  |TAMS 0x00000000c4d00000, 0x00000000c4d00000| Untracked 
|  36|0x00000000c4e00000, 0x00000000c4e00000, 0x00000000c4f00000|  0%| F|  |TAMS 0x00000000c4e00000, 0x00000000c4e00000| Untracked 
|  37|0x00000000c4f00000, 0x00000000c4f00000, 0x00000000c5000000|  0%| F|  |TAMS 0x00000000c4f00000, 0x00000000c4f00000| Untracked 
|  38|0x00000000c5000000, 0x00000000c5000000, 0x00000000c5100000|  0%| F|  |TAMS 0x00000000c5000000, 0x00000000c5000000| Untracked 
|  39|0x00000000c5100000, 0x00000000c5100000, 0x00000000c5200000|  0%| F|  |TAMS 0x00000000c5100000, 0x00000000c5100000| Untracked 
|  40|0x00000000c5200000, 0x00000000c5200000, 0x00000000c5300000|  0%| F|  |TAMS 0x00000000c5200000, 0x00000000c5200000| Untracked 
|  41|0x00000000c5300000, 0x00000000c5300000, 0x00000000c5400000|  0%| F|  |TAMS 0x00000000c5300000, 0x00000000c5300000| Untracked 
|  42|0x00000000c5400000, 0x00000000c5400000, 0x00000000c5500000|  0%| F|  |TAMS 0x00000000c5400000, 0x00000000c5400000| Untracked 
|  43|0x00000000c5500000, 0x00000000c5500000, 0x00000000c5600000|  0%| F|  |TAMS 0x00000000c5500000, 0x00000000c5500000| Untracked 
|  44|0x00000000c5600000, 0x00000000c5600000, 0x00000000c5700000|  0%| F|  |TAMS 0x00000000c5600000, 0x00000000c5600000| Untracked 
|  45|0x00000000c5700000, 0x00000000c5700000, 0x00000000c5800000|  0%| F|  |TAMS 0x00000000c5700000, 0x00000000c5700000| Untracked 
|  46|0x00000000c5800000, 0x00000000c5800000, 0x00000000c5900000|  0%| F|  |TAMS 0x00000000c5800000, 0x00000000c5800000| Untracked 
|  47|0x00000000c5900000, 0x00000000c5900000, 0x00000000c5a00000|  0%| F|  |TAMS 0x00000000c5900000, 0x00000000c5900000| Untracked 
|  48|0x00000000c5a00000, 0x00000000c5aded50, 0x00000000c5b00000| 87%| S|CS|TAMS 0x00000000c5a00000, 0x00000000c5a00000| Complete 
|  49|0x00000000c5b00000, 0x00000000c5c00000, 0x00000000c5c00000|100%| S|CS|TAMS 0x00000000c5b00000, 0x00000000c5b00000| Complete 
|  50|0x00000000c5c00000, 0x00000000c5d00000, 0x00000000c5d00000|100%| S|CS|TAMS 0x00000000c5c00000, 0x00000000c5c00000| Complete 
|  51|0x00000000c5d00000, 0x00000000c5e00000, 0x00000000c5e00000|100%| S|CS|TAMS 0x00000000c5d00000, 0x00000000c5d00000| Complete 
|  52|0x00000000c5e00000, 0x00000000c5f00000, 0x00000000c5f00000|100%| E|  |TAMS 0x00000000c5e00000, 0x00000000c5e00000| Complete 
|  53|0x00000000c5f00000, 0x00000000c6000000, 0x00000000c6000000|100%| E|CS|TAMS 0x00000000c5f00000, 0x00000000c5f00000| Complete 
|  54|0x00000000c6000000, 0x00000000c6100000, 0x00000000c6100000|100%| E|CS|TAMS 0x00000000c6000000, 0x00000000c6000000| Complete 
|  55|0x00000000c6100000, 0x00000000c6200000, 0x00000000c6200000|100%| E|CS|TAMS 0x00000000c6100000, 0x00000000c6100000| Complete 
|  56|0x00000000c6200000, 0x00000000c6300000, 0x00000000c6300000|100%| E|  |TAMS 0x00000000c6200000, 0x00000000c6200000| Complete 
|  57|0x00000000c6300000, 0x00000000c6400000, 0x00000000c6400000|100%| E|CS|TAMS 0x00000000c6300000, 0x00000000c6300000| Complete 
|  58|0x00000000c6400000, 0x00000000c6500000, 0x00000000c6500000|100%| E|CS|TAMS 0x00000000c6400000, 0x00000000c6400000| Complete 
|  59|0x00000000c6500000, 0x00000000c6600000, 0x00000000c6600000|100%| E|CS|TAMS 0x00000000c6500000, 0x00000000c6500000| Complete 
|  60|0x00000000c6600000, 0x00000000c6700000, 0x00000000c6700000|100%| E|CS|TAMS 0x00000000c6600000, 0x00000000c6600000| Complete 
|  61|0x00000000c6700000, 0x00000000c6800000, 0x00000000c6800000|100%| E|CS|TAMS 0x00000000c6700000, 0x00000000c6700000| Complete 
|  62|0x00000000c6800000, 0x00000000c6900000, 0x00000000c6900000|100%| E|CS|TAMS 0x00000000c6800000, 0x00000000c6800000| Complete 
|  63|0x00000000c6900000, 0x00000000c6a00000, 0x00000000c6a00000|100%| E|CS|TAMS 0x00000000c6900000, 0x00000000c6900000| Complete 
|  64|0x00000000c6a00000, 0x00000000c6b00000, 0x00000000c6b00000|100%| E|CS|TAMS 0x00000000c6a00000, 0x00000000c6a00000| Complete 
|  65|0x00000000c6b00000, 0x00000000c6c00000, 0x00000000c6c00000|100%| E|CS|TAMS 0x00000000c6b00000, 0x00000000c6b00000| Complete 
|  66|0x00000000c6c00000, 0x00000000c6d00000, 0x00000000c6d00000|100%| E|CS|TAMS 0x00000000c6c00000, 0x00000000c6c00000| Complete 
|  67|0x00000000c6d00000, 0x00000000c6e00000, 0x00000000c6e00000|100%| E|CS|TAMS 0x00000000c6d00000, 0x00000000c6d00000| Complete 
|  68|0x00000000c6e00000, 0x00000000c6f00000, 0x00000000c6f00000|100%| E|CS|TAMS 0x00000000c6e00000, 0x00000000c6e00000| Complete 
|  69|0x00000000c6f00000, 0x00000000c7000000, 0x00000000c7000000|100%| E|CS|TAMS 0x00000000c6f00000, 0x00000000c6f00000| Complete 
|  70|0x00000000c7000000, 0x00000000c7100000, 0x00000000c7100000|100%| E|CS|TAMS 0x00000000c7000000, 0x00000000c7000000| Complete 
|  71|0x00000000c7100000, 0x00000000c7200000, 0x00000000c7200000|100%| E|CS|TAMS 0x00000000c7100000, 0x00000000c7100000| Complete 
|  72|0x00000000c7200000, 0x00000000c7300000, 0x00000000c7300000|100%| E|CS|TAMS 0x00000000c7200000, 0x00000000c7200000| Complete 
|  73|0x00000000c7300000, 0x00000000c7400000, 0x00000000c7400000|100%| E|CS|TAMS 0x00000000c7300000, 0x00000000c7300000| Complete 
|  74|0x00000000c7400000, 0x00000000c7500000, 0x00000000c7500000|100%| E|CS|TAMS 0x00000000c7400000, 0x00000000c7400000| Complete 
|  75|0x00000000c7500000, 0x00000000c7600000, 0x00000000c7600000|100%| E|CS|TAMS 0x00000000c7500000, 0x00000000c7500000| Complete 

Card table byte_map: [0x0000020e6a020000,0x0000020e6a210000] _byte_map_base: 0x0000020e69a0b000

Marking Bits (Prev, Next): (CMBitMap*) 0x0000020e56d36e68, (CMBitMap*) 0x0000020e56d36ea0
 Prev Bits: [0x0000020e6a400000, 0x0000020e6b358000)
 Next Bits: [0x0000020e6b360000, 0x0000020e6c2b8000)

Polling page: 0x0000020e55290000

Metaspace:

Usage:
  Non-class:     39.31 MB capacity,    39.00 MB (>99%) used,   247.53 KB ( <1%) free+waste,    66.44 KB ( <1%) overhead. 
      Class:      5.41 MB capacity,     5.22 MB ( 96%) used,   167.72 KB (  3%) free+waste,    29.19 KB ( <1%) overhead. 
       Both:     44.72 MB capacity,    44.22 MB ( 99%) used,   415.25 KB ( <1%) free+waste,    95.63 KB ( <1%) overhead. 

Virtual space:
  Non-class space:       40.00 MB reserved,      39.50 MB ( 99%) committed 
      Class space:        1.00 GB reserved,       5.50 MB ( <1%) committed 
             Both:        1.04 GB reserved,      45.00 MB (  4%) committed 

Chunk freelists:
   Non-Class:  66.00 KB
       Class:  25.00 KB
        Both:  91.00 KB

MaxMetaspaceSize: 17179869184.00 GB
CompressedClassSpaceSize: 1.00 GB

CodeHeap 'non-profiled nmethods': size=120064Kb used=1077Kb max_used=1077Kb free=118986Kb
 bounds [0x0000020e622d0000, 0x0000020e62540000, 0x0000020e69810000]
CodeHeap 'profiled nmethods': size=120000Kb used=6803Kb max_used=6803Kb free=113196Kb
 bounds [0x0000020e5ada0000, 0x0000020e5b450000, 0x0000020e622d0000]
CodeHeap 'non-nmethods': size=5696Kb used=1189Kb max_used=1221Kb free=4506Kb
 bounds [0x0000020e5a810000, 0x0000020e5aa80000, 0x0000020e5ada0000]
 total_blobs=3843 nmethods=3300 adapters=454
 compilation: enabled
              stopped_count=0, restarted_count=0
 full_count=0

Compilation events (20 events):
Event: 6.855 Thread 0x0000020e6f0eb800 3318       2       org.jetbrains.kotlin.metadata.ProtoBuf$Type$Argument::hasType (16 bytes)
Event: 6.855 Thread 0x0000020e6f0eb800 nmethod 3318 0x0000020e5b43f090 code [0x0000020e5b43f240, 0x0000020e5b43f358]
Event: 6.855 Thread 0x0000020e6f0eb800 3325       2       org.jetbrains.kotlin.metadata.ProtoBuf$Function::getSerializedSize (394 bytes)
Event: 6.858 Thread 0x0000020e6f0eb800 nmethod 3325 0x0000020e5b43f410 code [0x0000020e5b43f7c0, 0x0000020e5b440458]
Event: 6.858 Thread 0x0000020e6f0eb800 3323       2       org.jetbrains.kotlin.protobuf.GeneratedMessageLite$Builder::setUnknownFields (7 bytes)
Event: 6.858 Thread 0x0000020e6f0eb800 nmethod 3323 0x0000020e5b440c90 code [0x0000020e5b440e40, 0x0000020e5b440f98]
Event: 6.858 Thread 0x0000020e6f0eb800 3324       2       org.jetbrains.kotlin.name.Name::guessByFirstCharacter (28 bytes)
Event: 6.859 Thread 0x0000020e6f0eb800 nmethod 3324 0x0000020e5b441010 code [0x0000020e5b441200, 0x0000020e5b4414a8]
Event: 6.859 Thread 0x0000020e6f0eb800 3327       2       org.jetbrains.kotlin.name.FqName::<init> (18 bytes)
Event: 6.859 Thread 0x0000020e6f0eb800 nmethod 3327 0x0000020e5b441610 code [0x0000020e5b4417c0, 0x0000020e5b441948]
Event: 6.859 Thread 0x0000020e6f0eb800 3326       2       org.jetbrains.kotlin.metadata.ProtoBuf$VersionRequirementTable::getDefaultInstance (4 bytes)
Event: 6.859 Thread 0x0000020e6f0eb800 nmethod 3326 0x0000020e5b441a10 code [0x0000020e5b441bc0, 0x0000020e5b441c98]
Event: 6.859 Thread 0x0000020e6f0eb800 3319       2       org.jetbrains.kotlin.metadata.ProtoBuf$Type$Argument::isInitialized (49 bytes)
Event: 6.860 Thread 0x0000020e6f0eb800 nmethod 3319 0x0000020e5b441d10 code [0x0000020e5b441ec0, 0x0000020e5b442088]
Event: 6.860 Thread 0x0000020e6f0eb800 3321       1       org.jetbrains.kotlin.metadata.ProtoBuf$TypeParameter::getUpperBoundIdList (5 bytes)
Event: 6.860 Thread 0x0000020e6f0eb800 nmethod 3321 0x0000020e623dce90 code [0x0000020e623dd040, 0x0000020e623dd0f8]
Event: 6.860 Thread 0x0000020e6f0eb800 3328       2       org.jetbrains.kotlin.name.ClassId::equals (74 bytes)
Event: 6.860 Thread 0x0000020e6f0eb800 nmethod 3328 0x0000020e5b442190 code [0x0000020e5b442360, 0x0000020e5b4425b8]
Event: 6.860 Thread 0x0000020e6f0eb800 3329       2       org.jetbrains.kotlin.name.FqNameUnsafe::shortName (56 bytes)
Event: 6.861 Thread 0x0000020e6f0eb800 nmethod 3329 0x0000020e5b442710 code [0x0000020e5b442900, 0x0000020e5b442bb8]

GC Heap History (14 events):
Event: 0.600 GC heap before
{Heap before GC invocations=0 (full 0):
 garbage-first heap   total 63488K, used 17408K [0x00000000c2a00000, 0x0000000100000000)
  region size 1024K, 14 young (14336K), 0 survivors (0K)
 Metaspace       used 9802K, capacity 9874K, committed 10112K, reserved 1058816K
  class space    used 838K, capacity 885K, committed 896K, reserved 1048576K
}
Event: 0.605 GC heap after
{Heap after GC invocations=1 (full 0):
 garbage-first heap   total 63488K, used 5213K [0x00000000c2a00000, 0x0000000100000000)
  region size 1024K, 2 young (2048K), 2 survivors (2048K)
 Metaspace       used 9802K, capacity 9874K, committed 10112K, reserved 1058816K
  class space    used 838K, capacity 885K, committed 896K, reserved 1048576K
}
Event: 2.256 GC heap before
{Heap before GC invocations=1 (full 0):
 garbage-first heap   total 63488K, used 41053K [0x00000000c2a00000, 0x0000000100000000)
  region size 1024K, 37 young (37888K), 2 survivors (2048K)
 Metaspace       used 18321K, capacity 18542K, committed 18688K, reserved 1067008K
  class space    used 1863K, capacity 1973K, committed 2048K, reserved 1048576K
}
Event: 2.274 GC heap after
{Heap after GC invocations=2 (full 0):
 garbage-first heap   total 63488K, used 8561K [0x00000000c2a00000, 0x0000000100000000)
  region size 1024K, 5 young (5120K), 5 survivors (5120K)
 Metaspace       used 18321K, capacity 18542K, committed 18688K, reserved 1067008K
  class space    used 1863K, capacity 1973K, committed 2048K, reserved 1048576K
}
Event: 2.567 GC heap before
{Heap before GC invocations=2 (full 0):
 garbage-first heap   total 63488K, used 16753K [0x00000000c2a00000, 0x0000000100000000)
  region size 1024K, 14 young (14336K), 5 survivors (5120K)
 Metaspace       used 20831K, capacity 21054K, committed 21248K, reserved 1069056K
  class space    used 2197K, capacity 2280K, committed 2304K, reserved 1048576K
}
Event: 2.591 GC heap after
{Heap after GC invocations=3 (full 0):
 garbage-first heap   total 63488K, used 9395K [0x00000000c2a00000, 0x0000000100000000)
  region size 1024K, 1 young (1024K), 1 survivors (1024K)
 Metaspace       used 20831K, capacity 21054K, committed 21248K, reserved 1069056K
  class space    used 2197K, capacity 2280K, committed 2304K, reserved 1048576K
}
Event: 3.681 GC heap before
{Heap before GC invocations=4 (full 0):
 garbage-first heap   total 63488K, used 33971K [0x00000000c2a00000, 0x0000000100000000)
  region size 1024K, 22 young (22528K), 1 survivors (1024K)
 Metaspace       used 27156K, capacity 27603K, committed 27648K, reserved 1073152K
  class space    used 2913K, capacity 3071K, committed 3072K, reserved 1048576K
}
Event: 3.688 GC heap after
{Heap after GC invocations=5 (full 0):
 garbage-first heap   total 63488K, used 14028K [0x00000000c2a00000, 0x0000000100000000)
  region size 1024K, 3 young (3072K), 3 survivors (3072K)
 Metaspace       used 27156K, capacity 27603K, committed 27648K, reserved 1073152K
  class space    used 2913K, capacity 3071K, committed 3072K, reserved 1048576K
}
Event: 4.362 GC heap before
{Heap before GC invocations=5 (full 0):
 garbage-first heap   total 63488K, used 38604K [0x00000000c2a00000, 0x0000000100000000)
  region size 1024K, 25 young (25600K), 3 survivors (3072K)
 Metaspace       used 31233K, capacity 31635K, committed 31744K, reserved 1077248K
  class space    used 3888K, capacity 4053K, committed 4096K, reserved 1048576K
}
Event: 4.382 GC heap after
{Heap after GC invocations=6 (full 0):
 garbage-first heap   total 63488K, used 20023K [0x00000000c2a00000, 0x0000000100000000)
  region size 1024K, 4 young (4096K), 4 survivors (4096K)
 Metaspace       used 31233K, capacity 31635K, committed 31744K, reserved 1077248K
  class space    used 3888K, capacity 4053K, committed 4096K, reserved 1048576K
}
Event: 5.038 GC heap before
{Heap before GC invocations=6 (full 0):
 garbage-first heap   total 63488K, used 36407K [0x00000000c2a00000, 0x0000000100000000)
  region size 1024K, 21 young (21504K), 4 survivors (4096K)
 Metaspace       used 35005K, capacity 35427K, committed 35584K, reserved 1081344K
  class space    used 4328K, capacity 4507K, committed 4608K, reserved 1048576K
}
Event: 5.074 GC heap after
{Heap after GC invocations=7 (full 0):
 garbage-first heap   total 77824K, used 21895K [0x00000000c2a00000, 0x0000000100000000)
  region size 1024K, 2 young (2048K), 2 survivors (2048K)
 Metaspace       used 35005K, capacity 35427K, committed 35584K, reserved 1081344K
  class space    used 4328K, capacity 4507K, committed 4608K, reserved 1048576K
}
Event: 5.904 GC heap before
{Heap before GC invocations=8 (full 0):
 garbage-first heap   total 77824K, used 45447K [0x00000000c2a00000, 0x0000000100000000)
  region size 1024K, 26 young (26624K), 2 survivors (2048K)
 Metaspace       used 39606K, capacity 40033K, committed 40320K, reserved 1085440K
  class space    used 4750K, capacity 4930K, committed 4992K, reserved 1048576K
}
Event: 5.917 GC heap after
{Heap after GC invocations=9 (full 0):
 garbage-first heap   total 77824K, used 24094K [0x00000000c2a00000, 0x0000000100000000)
  region size 1024K, 4 young (4096K), 4 survivors (4096K)
 Metaspace       used 39606K, capacity 40033K, committed 40320K, reserved 1085440K
  class space    used 4750K, capacity 4930K, committed 4992K, reserved 1048576K
}

Deoptimization events (20 events):
Event: 6.699 Thread 0x0000020e56d09000 DEOPT PACKING pc=0x0000020e623a07e8 sp=0x000000e63a9fb190
Event: 6.699 Thread 0x0000020e56d09000 DEOPT UNPACKING pc=0x0000020e5a8365af sp=0x000000e63a9fb078 mode 2
Event: 6.700 Thread 0x0000020e56d09000 Uncommon trap: trap_request=0xffffffc6 fr.pc=0x0000020e623a07e8 relative=0x0000000000000568
Event: 6.700 Thread 0x0000020e56d09000 Uncommon trap: reason=bimorphic_or_optimized_type_check action=maybe_recompile pc=0x0000020e623a07e8 method=org.jetbrains.kotlin.protobuf.CodedInputStream.tryRefillBuffer(I)Z @ 177 c2
Event: 6.700 Thread 0x0000020e56d09000 DEOPT PACKING pc=0x0000020e623a07e8 sp=0x000000e63a9faab0
Event: 6.700 Thread 0x0000020e56d09000 DEOPT UNPACKING pc=0x0000020e5a8365af sp=0x000000e63a9fa990 mode 2
Event: 6.707 Thread 0x0000020e56d09000 Uncommon trap: trap_request=0xffffffc6 fr.pc=0x0000020e623a07e8 relative=0x0000000000000568
Event: 6.707 Thread 0x0000020e56d09000 Uncommon trap: reason=bimorphic_or_optimized_type_check action=maybe_recompile pc=0x0000020e623a07e8 method=org.jetbrains.kotlin.protobuf.CodedInputStream.tryRefillBuffer(I)Z @ 177 c2
Event: 6.707 Thread 0x0000020e56d09000 DEOPT PACKING pc=0x0000020e623a07e8 sp=0x000000e63a9fb190
Event: 6.707 Thread 0x0000020e56d09000 DEOPT UNPACKING pc=0x0000020e5a8365af sp=0x000000e63a9fb078 mode 2
Event: 6.773 Thread 0x0000020e56d09000 DEOPT PACKING pc=0x0000020e5b13949b sp=0x000000e63a9faed0
Event: 6.773 Thread 0x0000020e56d09000 DEOPT UNPACKING pc=0x0000020e5a836d5e sp=0x000000e63a9fa340 mode 0
Event: 6.782 Thread 0x0000020e56d09000 DEOPT PACKING pc=0x0000020e5b13949b sp=0x000000e63a9fad10
Event: 6.782 Thread 0x0000020e56d09000 DEOPT UNPACKING pc=0x0000020e5a836d5e sp=0x000000e63a9fa180 mode 0
Event: 6.789 Thread 0x0000020e56d09000 DEOPT PACKING pc=0x0000020e5b13949b sp=0x000000e63a9fb000
Event: 6.789 Thread 0x0000020e56d09000 DEOPT UNPACKING pc=0x0000020e5a836d5e sp=0x000000e63a9fa470 mode 0
Event: 6.805 Thread 0x0000020e56d09000 Uncommon trap: trap_request=0xffffffc6 fr.pc=0x0000020e623a07e8 relative=0x0000000000000568
Event: 6.805 Thread 0x0000020e56d09000 Uncommon trap: reason=bimorphic_or_optimized_type_check action=maybe_recompile pc=0x0000020e623a07e8 method=org.jetbrains.kotlin.protobuf.CodedInputStream.tryRefillBuffer(I)Z @ 177 c2
Event: 6.805 Thread 0x0000020e56d09000 DEOPT PACKING pc=0x0000020e623a07e8 sp=0x000000e63a9fb630
Event: 6.805 Thread 0x0000020e56d09000 DEOPT UNPACKING pc=0x0000020e5a8365af sp=0x000000e63a9fb518 mode 2

Classes redefined (0 events):
No events

Internal exceptions (20 events):
Event: 3.306 Thread 0x0000020e56d09000 Exception <a 'java/lang/NoSuchMethodError'{0x00000000c593a340}: 'java.lang.Object java.lang.invoke.DirectMethodHandle$Holder.invokeStatic(java.lang.Object, java.lang.Object, java.lang.Object, java.lang.Object, java.lang.Object, java.lang.Object, java.lang.Object, java.lang.Object, java.lang.Object, java.lang.Object, java.lang.Object, java.lang.Object, java.lang.Object, java.lang.Object, java.lang.Object)'> (0x00000000c593a340) thrown at [./src/hotspot/share/interpreter/linkResolver.cpp, line 773]
Event: 3.308 Thread 0x0000020e56d09000 Exception <a 'java/lang/NoSuchMethodError'{0x00000000c5948348}: 'java.lang.Object java.lang.invoke.DirectMethodHandle$Holder.invokeStatic(java.lang.Object, java.lang.Object, java.lang.Object, java.lang.Object, java.lang.Object, java.lang.Object, java.lang.Object, java.lang.Object, java.lang.Object, java.lang.Object, java.lang.Object, java.lang.Object, java.lang.Object, java.lang.Object, java.lang.Object, java.lang.Object)'> (0x00000000c5948348) thrown at [./src/hotspot/share/interpreter/linkResolver.cpp, l
Event: 3.312 Thread 0x0000020e56d09000 Exception <a 'java/lang/NoSuchMethodError'{0x00000000c5956260}: 'java.lang.Object java.lang.invoke.DirectMethodHandle$Holder.invokeSpecial(java.lang.Object, java.lang.Object, int, int, java.lang.Object, java.lang.Object, java.lang.Object)'> (0x00000000c5956260) thrown at [./src/hotspot/share/interpreter/linkResolver.cpp, line 773]
Event: 3.312 Thread 0x0000020e56d09000 Exception <a 'java/lang/NoSuchMethodError'{0x00000000c5959a98}: 'java.lang.Object java.lang.invoke.DelegatingMethodHandle$Holder.reinvoke_L(java.lang.Object, int, int, java.lang.Object, java.lang.Object, java.lang.Object)'> (0x00000000c5959a98) thrown at [./src/hotspot/share/interpreter/linkResolver.cpp, line 773]
Event: 3.313 Thread 0x0000020e56d09000 Exception <a 'java/lang/NoSuchMethodError'{0x00000000c595de20}: 'java.lang.Object java.lang.invoke.DirectMethodHandle$Holder.invokeStatic(java.lang.Object, java.lang.Object, java.lang.Object, java.lang.Object, int)'> (0x00000000c595de20) thrown at [./src/hotspot/share/interpreter/linkResolver.cpp, line 773]
Event: 3.442 Thread 0x0000020e56d09000 Exception <a 'sun/nio/fs/WindowsException'{0x00000000c589eb80}> (0x00000000c589eb80) thrown at [./src/hotspot/share/prims/jni.cpp, line 615]
Event: 3.442 Thread 0x0000020e56d09000 Exception <a 'sun/nio/fs/WindowsException'{0x00000000c589f3f8}> (0x00000000c589f3f8) thrown at [./src/hotspot/share/prims/jni.cpp, line 615]
Event: 3.442 Thread 0x0000020e56d09000 Exception <a 'sun/nio/fs/WindowsException'{0x00000000c589fc80}> (0x00000000c589fc80) thrown at [./src/hotspot/share/prims/jni.cpp, line 615]
Event: 3.443 Thread 0x0000020e56d09000 Exception <a 'sun/nio/fs/WindowsException'{0x00000000c58a0678}> (0x00000000c58a0678) thrown at [./src/hotspot/share/prims/jni.cpp, line 615]
Event: 3.444 Thread 0x0000020e56d09000 Exception <a 'sun/nio/fs/WindowsException'{0x00000000c58a0f80}> (0x00000000c58a0f80) thrown at [./src/hotspot/share/prims/jni.cpp, line 615]
Event: 3.444 Thread 0x0000020e56d09000 Exception <a 'sun/nio/fs/WindowsException'{0x00000000c58a18b8}> (0x00000000c58a18b8) thrown at [./src/hotspot/share/prims/jni.cpp, line 615]
Event: 3.452 Thread 0x0000020e56d09000 Exception <a 'java/lang/NoSuchMethodError'{0x00000000c58a80c8}: 'void java.lang.invoke.DirectMethodHandle$Holder.invokeStatic(java.lang.Object, java.lang.Object, java.lang.Object, java.lang.Object)'> (0x00000000c58a80c8) thrown at [./src/hotspot/share/interpreter/linkResolver.cpp, line 773]
Event: 3.606 Thread 0x0000020e56d09000 Exception <a 'java/lang/NoSuchMethodError'{0x00000000c5487b18}: 'void java.lang.invoke.DirectMethodHandle$Holder.invokeStaticInit(java.lang.Object, java.lang.Object)'> (0x00000000c5487b18) thrown at [./src/hotspot/share/interpreter/linkResolver.cpp, line 773]
Event: 3.735 Thread 0x0000020e56d09000 Exception <a 'java/lang/NoSuchMethodError'{0x00000000c66aebb0}: 'void java.lang.invoke.DirectMethodHandle$Holder.invokeVirtual(java.lang.Object, java.lang.Object)'> (0x00000000c66aebb0) thrown at [./src/hotspot/share/interpreter/linkResolver.cpp, line 773]
Event: 3.749 Thread 0x0000020e56d09000 Exception <a 'java/lang/NoSuchMethodError'{0x00000000c65383f0}: 'int java.lang.invoke.DirectMethodHandle$Holder.invokeVirtual(java.lang.Object, java.lang.Object)'> (0x00000000c65383f0) thrown at [./src/hotspot/share/interpreter/linkResolver.cpp, line 773]
Event: 4.870 Thread 0x0000020e56d09000 Exception <a 'java/lang/NoSuchMethodError'{0x00000000c5a507f8}: 'java.lang.Object java.lang.invoke.DirectMethodHandle$Holder.invokeVirtual(java.lang.Object, java.lang.Object, java.lang.Object)'> (0x00000000c5a507f8) thrown at [./src/hotspot/share/interpreter/linkResolver.cpp, line 773]
Event: 6.423 Thread 0x0000020e56d09000 Exception <a 'java/lang/NoSuchMethodError'{0x00000000c696a1f0}: 'java.lang.Object java.lang.invoke.Invokers$Holder.linkToTargetMethod(java.lang.Object, int, java.lang.Object)'> (0x00000000c696a1f0) thrown at [./src/hotspot/share/interpreter/linkResolver.cpp, line 773]
Event: 6.616 Thread 0x0000020e56d09000 Exception <a 'java/lang/NoSuchMethodError'{0x00000000c67e47b0}: 'java.lang.Object java.lang.invoke.DirectMethodHandle$Holder.invokeStatic(java.lang.Object, java.lang.Object, java.lang.Object, int)'> (0x00000000c67e47b0) thrown at [./src/hotspot/share/interpreter/linkResolver.cpp, line 773]
Event: 6.617 Thread 0x0000020e56d09000 Exception <a 'java/lang/NoSuchMethodError'{0x00000000c67e8420}: 'java.lang.Object java.lang.invoke.DirectMethodHandle$Holder.invokeSpecial(java.lang.Object, java.lang.Object, java.lang.Object, java.lang.Object, int)'> (0x00000000c67e8420) thrown at [./src/hotspot/share/interpreter/linkResolver.cpp, line 773]
Event: 6.617 Thread 0x0000020e56d09000 Exception <a 'java/lang/NoSuchMethodError'{0x00000000c67eb730}: 'java.lang.Object java.lang.invoke.Invokers$Holder.linkToTargetMethod(java.lang.Object, java.lang.Object, int, java.lang.Object)'> (0x00000000c67eb730) thrown at [./src/hotspot/share/interpreter/linkResolver.cpp, line 773]

Events (20 events):
Event: 6.863 loading class org/jetbrains/kotlin/resolve/FindLoopsInSupertypes
Event: 6.863 loading class org/jetbrains/kotlin/resolve/FindLoopsInSupertypes done
Event: 6.864 loading class org/jetbrains/kotlin/utils/DFS$VisitedWithSet
Event: 6.864 loading class org/jetbrains/kotlin/utils/DFS$VisitedWithSet done
Event: 6.864 loading class org/jetbrains/kotlin/utils/DFS$Visited
Event: 6.864 loading class org/jetbrains/kotlin/utils/DFS$Visited done
Event: 6.864 loading class org/jetbrains/kotlin/resolve/FindLoopsInSupertypes$isReachable$1
Event: 6.864 loading class org/jetbrains/kotlin/resolve/FindLoopsInSupertypes$isReachable$1 done
Event: 6.864 loading class org/jetbrains/kotlin/utils/DFS$AbstractNodeHandler
Event: 6.864 loading class org/jetbrains/kotlin/utils/DFS$AbstractNodeHandler done
Event: 6.865 loading class org/jetbrains/kotlin/utils/DFS$NodeHandler
Event: 6.865 loading class org/jetbrains/kotlin/utils/DFS$NodeHandler done
Event: 6.865 loading class org/jetbrains/kotlin/utils/DFS
Event: 6.865 loading class org/jetbrains/kotlin/utils/DFS done
Event: 6.866 loading class org/jetbrains/kotlin/metadata/deserialization/ProtoTypeTableUtilKt
Event: 6.866 loading class org/jetbrains/kotlin/metadata/deserialization/ProtoTypeTableUtilKt done
Event: 6.867 loading class org/jetbrains/kotlin/builtins/jvm/JvmBuiltInsSignatures
Event: 6.867 loading class org/jetbrains/kotlin/builtins/jvm/JvmBuiltInsSignatures done
Event: 6.868 loading class org/jetbrains/kotlin/load/kotlin/SignatureBuildingComponents
Event: 6.868 loading class org/jetbrains/kotlin/load/kotlin/SignatureBuildingComponents done


Dynamic libraries:
0x00007ff745550000 - 0x00007ff74555a000 	C:\Program Files\Android\Android Studio\jre\bin\java.exe
0x00007ffd95fd0000 - 0x00007ffd961c7000 	C:\Windows\SYSTEM32\ntdll.dll
0x00007ffd94030000 - 0x00007ffd940ed000 	C:\Windows\System32\KERNEL32.DLL
0x00007ffd93aa0000 - 0x00007ffd93d6d000 	C:\Windows\System32\KERNELBASE.dll
0x00007ffd93da0000 - 0x00007ffd93ea0000 	C:\Windows\System32\ucrtbase.dll
0x00007ffd686d0000 - 0x00007ffd686e7000 	C:\Program Files\Android\Android Studio\jre\bin\VCRUNTIME140.dll
0x00007ffd44af0000 - 0x00007ffd44b09000 	C:\Program Files\Android\Android Studio\jre\bin\jli.dll
0x00007ffd94b80000 - 0x00007ffd94d20000 	C:\Windows\System32\USER32.dll
0x00007ffd86a00000 - 0x00007ffd86c9a000 	C:\Windows\WinSxS\amd64_microsoft.windows.common-controls_6595b64144ccf1df_6.0.19041.1110_none_60b5254171f9507e\COMCTL32.dll
0x00007ffd93d70000 - 0x00007ffd93d92000 	C:\Windows\System32\win32u.dll
0x00007ffd95df0000 - 0x00007ffd95e8e000 	C:\Windows\System32\msvcrt.dll
0x00007ffd95e90000 - 0x00007ffd95eba000 	C:\Windows\System32\GDI32.dll
0x00007ffd936f0000 - 0x00007ffd937fb000 	C:\Windows\System32\gdi32full.dll
0x00007ffd93830000 - 0x00007ffd938cd000 	C:\Windows\System32\msvcp_win.dll
0x00007ffd954c0000 - 0x00007ffd954f0000 	C:\Windows\System32\IMM32.DLL
0x00007ffd3b640000 - 0x00007ffd3b6dd000 	C:\Program Files\Android\Android Studio\jre\bin\msvcp140.dll
0x00007ffd3a250000 - 0x00007ffd3ad25000 	C:\Program Files\Android\Android Studio\jre\bin\server\jvm.dll
0x00007ffd95ec0000 - 0x00007ffd95f6e000 	C:\Windows\System32\ADVAPI32.dll
0x00007ffd953c0000 - 0x00007ffd9545c000 	C:\Windows\System32\sechost.dll
0x00007ffd94270000 - 0x00007ffd94395000 	C:\Windows\System32\RPCRT4.dll
0x00007ffd94b70000 - 0x00007ffd94b78000 	C:\Windows\System32\PSAPI.DLL
0x00007ffd7c760000 - 0x00007ffd7c769000 	C:\Windows\SYSTEM32\WSOCK32.dll
0x00007ffd940f0000 - 0x00007ffd9415b000 	C:\Windows\System32\WS2_32.dll
0x00007ffd87050000 - 0x00007ffd87077000 	C:\Windows\SYSTEM32\WINMM.dll
0x00007ffd90ee0000 - 0x00007ffd90eea000 	C:\Windows\SYSTEM32\VERSION.dll
0x00007ffd915f0000 - 0x00007ffd91602000 	C:\Windows\SYSTEM32\kernel.appcore.dll
0x00007ffd3d020000 - 0x00007ffd3d031000 	C:\Program Files\Android\Android Studio\jre\bin\verify.dll
0x00007ffd8eb00000 - 0x00007ffd8ece4000 	C:\Windows\SYSTEM32\DBGHELP.DLL
0x00007ffd852e0000 - 0x00007ffd8530c000 	C:\Windows\SYSTEM32\dbgcore.DLL
0x00007ffd93f50000 - 0x00007ffd93fd2000 	C:\Windows\System32\bcryptPrimitives.dll
0x00007ffd3cff0000 - 0x00007ffd3d019000 	C:\Program Files\Android\Android Studio\jre\bin\java.dll
0x00007ffd76b70000 - 0x00007ffd76b7b000 	C:\Program Files\Android\Android Studio\jre\bin\jimage.dll
0x00007ffd3b620000 - 0x00007ffd3b638000 	C:\Program Files\Android\Android Studio\jre\bin\zip.dll
0x00007ffd943a0000 - 0x00007ffd94ae4000 	C:\Windows\System32\SHELL32.dll
0x00007ffd917f0000 - 0x00007ffd91f84000 	C:\Windows\SYSTEM32\windows.storage.dll
0x00007ffd95a20000 - 0x00007ffd95d74000 	C:\Windows\System32\combase.dll
0x00007ffd93150000 - 0x00007ffd9317c000 	C:\Windows\SYSTEM32\Wldp.dll
0x00007ffd94160000 - 0x00007ffd9420d000 	C:\Windows\System32\SHCORE.dll
0x00007ffd95d90000 - 0x00007ffd95de5000 	C:\Windows\System32\shlwapi.dll
0x00007ffd93630000 - 0x00007ffd9364f000 	C:\Windows\SYSTEM32\profapi.dll
0x00007ffd3b600000 - 0x00007ffd3b61a000 	C:\Program Files\Android\Android Studio\jre\bin\net.dll
0x00007ffd88710000 - 0x00007ffd8881a000 	C:\Windows\SYSTEM32\WINHTTP.dll
0x00007ffd92eb0000 - 0x00007ffd92f1a000 	C:\Windows\system32\mswsock.dll
0x00007ffd3a230000 - 0x00007ffd3a244000 	C:\Program Files\Android\Android Studio\jre\bin\nio.dll

dbghelp: loaded successfully - version: 4.0.5 - missing functions: none
symbol engine: initialized successfully - sym options: 0x614 - pdb path: .;C:\Program Files\Android\Android Studio\jre\bin;C:\Windows\SYSTEM32;C:\Windows\WinSxS\amd64_microsoft.windows.common-controls_6595b64144ccf1df_6.0.19041.1110_none_60b5254171f9507e;C:\Program Files\Android\Android Studio\jre\bin\server

VM Arguments:
java_command: org.jetbrains.kotlin.cli.jvm.K2JVMCompiler @C:\Users\binda\Desktop\Mandir\node_modules\react-native-safe-area-context\android\build\20220618_2553551636538808606.compiler.options
java_class_path (initial): C:\Users\binda\.gradle\caches\modules-2\files-2.1\org.jetbrains.kotlin\kotlin-compiler-embeddable\1.6.10\88f2073f4020cdb83132cfe940ceb9a60aba54ea\kotlin-compiler-embeddable-1.6.10.jar;C:\Users\binda\.gradle\caches\modules-2\files-2.1\org.jetbrains.kotlin\kotlin-reflect\1.6.10\1cbe9c92c12a94eea200d23c2bbaedaf3daf5132\kotlin-reflect-1.6.10.jar;C:\Users\binda\.gradle\caches\modules-2\files-2.1\org.jetbrains.kotlin\kotlin-stdlib\1.6.10\b8af3fe6f1ca88526914929add63cf5e7c5049af\kotlin-stdlib-1.6.10.jar;C:\Users\binda\.gradle\caches\modules-2\files-2.1\org.jetbrains.kotlin\kotlin-script-runtime\1.6.10\d0a7ff2e2500ef497ed0214ae40ad3c8387a6164\kotlin-script-runtime-1.6.10.jar;C:\Users\binda\.gradle\caches\modules-2\files-2.1\org.jetbrains.kotlin\kotlin-daemon-embeddable\1.6.10\a56d79bcbea411fa6058e4ecffc2de73e742bd2a\kotlin-daemon-embeddable-1.6.10.jar;C:\Users\binda\.gradle\caches\modules-2\files-2.1\org.jetbrains.intellij.deps\trove4j\1.0.20181211\216c2e14b070f334479d800987affe4054cd563f\trove4j-1.0.20181211.jar;C:\Users\binda\.gradle\caches\modules-2\files-2.1\net.java.dev.jna\jna\5.6.0\330f2244e9030119ab3030fc3fededc86713d9cc\jna-5.6.0.jar;C:\Users\binda\.gradle\caches\modules-2\files-2.1\org.jetbrains\annotations\13.0\919f0dfe192fb4e063e7dacadee7f8bb9a2672a9\annotations-13.0.jar;C:\Users\binda\.gradle\caches\modules-2\files-2.1\org.jetbrains.kotlin\kotlin-stdlib-common\1.6.10\c118700e3a33c8a0d9adc920e9dec0831171925\kotlin-stdlib-common-1.6.10.jar
Launcher Type: SUN_STANDARD

[Global flags]
     intx CICompilerCount                          = 3                                         {product} {ergonomic}
     uint ConcGCThreads                            = 1                                         {product} {ergonomic}
     uint G1ConcRefinementThreads                  = 4                                         {product} {ergonomic}
   size_t G1HeapRegionSize                         = 1048576                                   {product} {ergonomic}
    uintx GCDrainStackTargetSize                   = 64                                        {product} {ergonomic}
   size_t InitialHeapSize                          = 65011712                                  {product} {ergonomic}
   size_t MarkStackSize                            = 4194304                                   {product} {ergonomic}
   size_t MaxHeapSize                              = 1029701632                                {product} {ergonomic}
   size_t MaxNewSize                               = 617611264                                 {product} {ergonomic}
   size_t MinHeapDeltaBytes                        = 1048576                                   {product} {ergonomic}
    uintx NonNMethodCodeHeapSize                   = 5830732                                {pd product} {ergonomic}
    uintx NonProfiledCodeHeapSize                  = 122913754                              {pd product} {ergonomic}
    uintx ProfiledCodeHeapSize                     = 122913754                              {pd product} {ergonomic}
    uintx ReservedCodeCacheSize                    = 251658240                              {pd product} {ergonomic}
     bool SegmentedCodeCache                       = true                                      {product} {ergonomic}
     bool UseCompressedClassPointers               = true                                 {lp64_product} {ergonomic}
     bool UseCompressedOops                        = true                                 {lp64_product} {ergonomic}
     bool UseG1GC                                  = true                                      {product} {ergonomic}
     bool UseLargePagesIndividualAllocation        = false                                  {pd product} {ergonomic}

Logging:
Log output configuration:
 #0: stdout all=warning uptime,level,tags
 #1: stderr all=off uptime,level,tags

Environment Variables:
JAVA_HOME=C:\Program Files\Android\Android Studio\jre
PATH=C:\Windows\system32;C:\Windows;C:\Windows\System32\Wbem;C:\Windows\System32\WindowsPowerShell\v1.0\;C:\Windows\System32\OpenSSH\;D:\xampp\php;C:\ProgramData\ComposerSetup\bin;C:\Program Files\Git\cmd;C:\Program Files (x86)\nodejs\;C:\Program Files\Java\jdk-18.0.1.1\bin;C:\Users\binda\AppData\Local\Microsoft\WindowsApps;C:\Users\binda\AppData\Local\Programs\Microsoft VS Code\bin;C:\Users\binda\AppData\Roaming\Composer\vendor\bin;C:\Users\binda\AppData\Local\Android\Sdk\platform-tools;C:\Users\binda\AppData\Roaming\npm
USERNAME=LevonoL430
OS=Windows_NT
PROCESSOR_IDENTIFIER=Intel64 Family 6 Model 42 Stepping 7, GenuineIntel



---------------  S Y S T E M  ---------------

OS: Windows 10 , 64 bit Build 19041 (10.0.19041.1741)
OS uptime: 0 days 8:17 hours

CPU:total 4 (initial active 4) (2 cores per cpu, 2 threads per core) family 6 model 42 stepping 7 microcode 0x2f, cmov, cx8, fxsr, mmx, sse, sse2, sse3, ssse3, sse4.1, sse4.2, popcnt, avx, aes, clmul, ht, tsc, tscinvbit

Memory: 4k page, system-wide physical 3921M (286M free)
TotalPageFile size 11134M (AvailPageFile size 3M)
current process WorkingSet (physical memory assigned to process): 202M, peak: 202M
current process commit charge ("private bytes"): 231M, peak: 233M

vm_info: OpenJDK 64-Bit Server VM (11.0.11+9-b60-7590822) for windows-amd64 JRE (11.0.11+9-b60-7590822), built on Jul 29 2021 21:43:44 by "builder" with MS VC++ 14.0 (VS2015)

END.
